<?xml version="1.0" encoding="utf-8"?>
<TestRun id="774b9789-acd8-4b00-a45a-7231cfc4f472" name="mwhay@WIN-2DIK63C7G4T 2025-10-30 14:26:47" runUser="WIN-2DIK63C7G4T\mwhay" xmlns="http://microsoft.com/schemas/VisualStudio/TeamTest/2010">
  <Times creation="2025-10-30T14:26:47.3111664-04:00" queuing="2025-10-30T14:26:47.3111665-04:00" start="2025-10-30T14:26:46.1414414-04:00" finish="2025-10-30T14:26:47.3846226-04:00" />
  <TestSettings name="default" id="f8a57184-d53d-4e62-ab8f-07d752e23b42">
    <Deployment runDeploymentRoot="mwhay_WIN-2DIK63C7G4T_2025-10-30_14_26_47" />
  </TestSettings>
  <Results>
    <UnitTestResult executionId="0961ea12-5ecb-49ef-b958-ca0dfe7a0786" testId="a583281d-4b5d-90c5-d85d-f1529590f0e5" testName="Constructor_WithNullEmail_ShouldThrowArgumentNullException" computerName="WIN-2DIK63C7G4T" duration="00:00:00.0001280" startTime="2025-10-30T14:26:47.3110789-04:00" endTime="2025-10-30T14:26:47.3112065-04:00" testType="13cdc9d9-ddb5-4fa4-a97d-d965ccfc6d4b" outcome="Passed" testListId="8c84fa94-04c1-424b-9868-57a2d4851a1d" relativeResultsDirectory="0961ea12-5ecb-49ef-b958-ca0dfe7a0786" />
    <UnitTestResult executionId="25c2b20e-066a-4b9e-a7a6-681814a07348" testId="7df9a9ae-0f43-13e2-d1d9-637b3fead670" testName="Lease_Creation_Should_Set_Properties_Correctly" computerName="WIN-2DIK63C7G4T" duration="00:00:00.0019270" startTime="2025-10-30T14:26:47.3203919-04:00" endTime="2025-10-30T14:26:47.3223189-04:00" testType="13cdc9d9-ddb5-4fa4-a97d-d965ccfc6d4b" outcome="Passed" testListId="8c84fa94-04c1-424b-9868-57a2d4851a1d" relativeResultsDirectory="25c2b20e-066a-4b9e-a7a6-681814a07348" />
    <UnitTestResult executionId="e1c6a57b-ad81-46dd-bbf3-04deb46819be" testId="11350ddd-9d12-9185-03e0-58842de9f0fd" testName="UpdateSpecialTerms_Should_Update_Terms" computerName="WIN-2DIK63C7G4T" duration="00:00:00.0000460" startTime="2025-10-30T14:26:47.3236915-04:00" endTime="2025-10-30T14:26:47.3237374-04:00" testType="13cdc9d9-ddb5-4fa4-a97d-d965ccfc6d4b" outcome="Passed" testListId="8c84fa94-04c1-424b-9868-57a2d4851a1d" relativeResultsDirectory="e1c6a57b-ad81-46dd-bbf3-04deb46819be" />
    <UnitTestResult executionId="6f8ebbc3-42a5-47c9-8bfd-5653d4cdc68e" testId="1126a8d1-823a-57ce-91ce-c51677499e2d" testName="Handle_WithZeroAmount_ShouldCallPaymentService" computerName="WIN-2DIK63C7G4T" duration="00:00:00.0014080" startTime="2025-10-30T14:26:47.2957978-04:00" endTime="2025-10-30T14:26:47.2972059-04:00" testType="13cdc9d9-ddb5-4fa4-a97d-d965ccfc6d4b" outcome="Passed" testListId="8c84fa94-04c1-424b-9868-57a2d4851a1d" relativeResultsDirectory="6f8ebbc3-42a5-47c9-8bfd-5653d4cdc68e" />
    <UnitTestResult executionId="be92129d-b67f-40a3-adcf-f48b68ecad92" testId="a2fc0423-913a-6904-827e-474ca18cf0d2" testName="Zero_WithSpecificCurrency_ShouldCreateZeroMoney" computerName="WIN-2DIK63C7G4T" duration="00:00:00.0000360" startTime="2025-10-30T14:26:47.3465289-04:00" endTime="2025-10-30T14:26:47.3465645-04:00" testType="13cdc9d9-ddb5-4fa4-a97d-d965ccfc6d4b" outcome="Passed" testListId="8c84fa94-04c1-424b-9868-57a2d4851a1d" relativeResultsDirectory="be92129d-b67f-40a3-adcf-f48b68ecad92" />
    <UnitTestResult executionId="c0b49605-bb0d-482b-b3e2-9d474e294f05" testId="12631db5-8ad6-2e6c-4e70-9ece7923b271" testName="Create_WithInvalidEmailFormats_ShouldThrowArgumentException(&quot;user name@domain.com&quot;)" computerName="WIN-2DIK63C7G4T" duration="00:00:00.0000300" startTime="2025-10-30T14:26:47.3418816-04:00" endTime="2025-10-30T14:26:47.3419118-04:00" testType="13cdc9d9-ddb5-4fa4-a97d-d965ccfc6d4b" outcome="Passed" testListId="8c84fa94-04c1-424b-9868-57a2d4851a1d" relativeResultsDirectory="c0b49605-bb0d-482b-b3e2-9d474e294f05" />
    <UnitTestResult executionId="4797619a-bb03-4534-b80e-5f17d8f2f4a7" testId="fb7fa44d-b0af-8d33-4572-fc99e01db483" testName="Handle_WithValidCommand_ShouldReturnSubscription" computerName="WIN-2DIK63C7G4T" duration="00:00:00.0056830" startTime="2025-10-30T14:26:47.2757198-04:00" endTime="2025-10-30T14:26:47.2814021-04:00" testType="13cdc9d9-ddb5-4fa4-a97d-d965ccfc6d4b" outcome="Passed" testListId="8c84fa94-04c1-424b-9868-57a2d4851a1d" relativeResultsDirectory="4797619a-bb03-4534-b80e-5f17d8f2f4a7" />
    <UnitTestResult executionId="e42e4597-9cc2-429f-9f89-000320614bfd" testId="6ed39ed5-404c-e44a-9177-79908e97713b" testName="Handle_WhenPaymentServiceThrowsException_ShouldPropagateException" computerName="WIN-2DIK63C7G4T" duration="00:00:00.0018720" startTime="2025-10-30T14:26:47.2640811-04:00" endTime="2025-10-30T14:26:47.2659527-04:00" testType="13cdc9d9-ddb5-4fa4-a97d-d965ccfc6d4b" outcome="Passed" testListId="8c84fa94-04c1-424b-9868-57a2d4851a1d" relativeResultsDirectory="e42e4597-9cc2-429f-9f89-000320614bfd" />
    <UnitTestResult executionId="a0665735-03c5-409f-b364-356ce67efe86" testId="2ca8d7a4-8652-c5fe-0bc7-81036a173737" testName="Create_WithUppercaseEmail_ShouldConvertToLowercase" computerName="WIN-2DIK63C7G4T" duration="00:00:00.0000490" startTime="2025-10-30T14:26:47.3421092-04:00" endTime="2025-10-30T14:26:47.3421577-04:00" testType="13cdc9d9-ddb5-4fa4-a97d-d965ccfc6d4b" outcome="Passed" testListId="8c84fa94-04c1-424b-9868-57a2d4851a1d" relativeResultsDirectory="a0665735-03c5-409f-b364-356ce67efe86" />
    <UnitTestResult executionId="06c64006-5a30-4906-acbf-66cc67d42337" testId="5a3a7405-c14b-1427-34b9-e24e72419ac7" testName="Handle_WithZeroAmount_ShouldCallPaymentService" computerName="WIN-2DIK63C7G4T" duration="00:00:00.0017910" startTime="2025-10-30T14:26:47.2814157-04:00" endTime="2025-10-30T14:26:47.2832063-04:00" testType="13cdc9d9-ddb5-4fa4-a97d-d965ccfc6d4b" outcome="Passed" testListId="8c84fa94-04c1-424b-9868-57a2d4851a1d" relativeResultsDirectory="06c64006-5a30-4906-acbf-66cc67d42337" />
    <UnitTestResult executionId="d8e45d12-98e6-4139-8c16-9cb560d75d20" testId="1182a926-aa2c-b493-4f60-7d78e280ef56" testName="Create_WithWhitespaceCurrency_ShouldThrowArgumentException" computerName="WIN-2DIK63C7G4T" duration="00:00:00.0001460" startTime="2025-10-30T14:26:47.3444536-04:00" endTime="2025-10-30T14:26:47.3445996-04:00" testType="13cdc9d9-ddb5-4fa4-a97d-d965ccfc6d4b" outcome="Passed" testListId="8c84fa94-04c1-424b-9868-57a2d4851a1d" relativeResultsDirectory="d8e45d12-98e6-4139-8c16-9cb560d75d20" />
    <UnitTestResult executionId="b4e63792-e8cb-4cde-8c82-53f5a005f48d" testId="c1569107-0d16-cfcd-cc89-9b0232dcb0e0" testName="Subtract_WithDifferentCurrencies_ShouldThrowInvalidOperationException" computerName="WIN-2DIK63C7G4T" duration="00:00:00.0002320" startTime="2025-10-30T14:26:47.3452581-04:00" endTime="2025-10-30T14:26:47.3454904-04:00" testType="13cdc9d9-ddb5-4fa4-a97d-d965ccfc6d4b" outcome="Passed" testListId="8c84fa94-04c1-424b-9868-57a2d4851a1d" relativeResultsDirectory="b4e63792-e8cb-4cde-8c82-53f5a005f48d" />
    <UnitTestResult executionId="5cce5660-63ec-4903-a8b2-7630b9fe1457" testId="1c0352be-21ee-03cc-8fc7-8b27e85d372c" testName="ToString_ShouldReturnEmailValue" computerName="WIN-2DIK63C7G4T" duration="00:00:00.0000300" startTime="2025-10-30T14:26:47.3429722-04:00" endTime="2025-10-30T14:26:47.3430023-04:00" testType="13cdc9d9-ddb5-4fa4-a97d-d965ccfc6d4b" outcome="Passed" testListId="8c84fa94-04c1-424b-9868-57a2d4851a1d" relativeResultsDirectory="5cce5660-63ec-4903-a8b2-7630b9fe1457" />
    <UnitTestResult executionId="f5e5ba53-fd43-4eb9-878f-e6ee12e68495" testId="12a3d703-39e3-511d-018c-6a7998e74185" testName="GetHashCode_ShouldReturnConsistentValue" computerName="WIN-2DIK63C7G4T" duration="00:00:00.0000390" startTime="2025-10-30T14:26:47.3118719-04:00" endTime="2025-10-30T14:26:47.3119109-04:00" testType="13cdc9d9-ddb5-4fa4-a97d-d965ccfc6d4b" outcome="Passed" testListId="8c84fa94-04c1-424b-9868-57a2d4851a1d" relativeResultsDirectory="f5e5ba53-fd43-4eb9-878f-e6ee12e68495" />
    <UnitTestResult executionId="f8d32706-e2d5-40fd-b922-b98b21151f90" testId="64923f26-485f-8a45-779b-2c4c60826de9" testName="Fail_ShouldSetStatusToFailed" computerName="WIN-2DIK63C7G4T" duration="00:00:00.0010490" startTime="2025-10-30T14:26:47.3026350-04:00" endTime="2025-10-30T14:26:47.3036835-04:00" testType="13cdc9d9-ddb5-4fa4-a97d-d965ccfc6d4b" outcome="Passed" testListId="8c84fa94-04c1-424b-9868-57a2d4851a1d" relativeResultsDirectory="f8d32706-e2d5-40fd-b922-b98b21151f90" />
    <UnitTestResult executionId="adb11cb5-4056-4ba5-b4c9-857108fee613" testId="59e160fa-b1bb-3d65-60a1-a92a088e5d56" testName="Terminate_Should_Change_Status_To_Terminated" computerName="WIN-2DIK63C7G4T" duration="00:00:00.0002570" startTime="2025-10-30T14:26:47.3230132-04:00" endTime="2025-10-30T14:26:47.3232697-04:00" testType="13cdc9d9-ddb5-4fa4-a97d-d965ccfc6d4b" outcome="Passed" testListId="8c84fa94-04c1-424b-9868-57a2d4851a1d" relativeResultsDirectory="adb11cb5-4056-4ba5-b4c9-857108fee613" />
    <UnitTestResult executionId="dc6d8fe3-05a3-40a1-8840-860ad7028117" testId="a20b5dea-da48-28aa-8ff1-78aec6c80d0f" testName="Create_WithInvalidEmailFormats_ShouldThrowArgumentException(&quot;user@domain.&quot;)" computerName="WIN-2DIK63C7G4T" duration="00:00:00.0000300" startTime="2025-10-30T14:26:47.3418494-04:00" endTime="2025-10-30T14:26:47.3418789-04:00" testType="13cdc9d9-ddb5-4fa4-a97d-d965ccfc6d4b" outcome="Passed" testListId="8c84fa94-04c1-424b-9868-57a2d4851a1d" relativeResultsDirectory="dc6d8fe3-05a3-40a1-8840-860ad7028117" />
    <UnitTestResult executionId="4adfbf61-fdc7-4de8-917c-144bc572544b" testId="6133fc77-1048-0a12-1de8-cd1c33e7b1fd" testName="Create_WithValidAmountAndCurrency_ShouldCreateMoney" computerName="WIN-2DIK63C7G4T" duration="00:00:00.0000830" startTime="2025-10-30T14:26:47.3443675-04:00" endTime="2025-10-30T14:26:47.3444503-04:00" testType="13cdc9d9-ddb5-4fa4-a97d-d965ccfc6d4b" outcome="Passed" testListId="8c84fa94-04c1-424b-9868-57a2d4851a1d" relativeResultsDirectory="4adfbf61-fdc7-4de8-917c-144bc572544b" />
    <UnitTestResult executionId="9427c3c4-0465-4402-ae3c-a6bc2a1c6956" testId="958c3d23-571c-80a8-29e6-57d85fb0aa5c" testName="Approve_Should_Set_Status_To_Approved_With_Decision_Details" computerName="WIN-2DIK63C7G4T" duration="00:00:00.0132760" startTime="2025-10-30T14:26:47.3237908-04:00" endTime="2025-10-30T14:26:47.3370668-04:00" testType="13cdc9d9-ddb5-4fa4-a97d-d965ccfc6d4b" outcome="Failed" testListId="8c84fa94-04c1-424b-9868-57a2d4851a1d" relativeResultsDirectory="9427c3c4-0465-4402-ae3c-a6bc2a1c6956">
      <Output>
        <ErrorInfo>
          <Message>System.InvalidOperationException : Application must be submitted before it can be approved</Message>
          <StackTrace>   at RentalManager.Domain.Entities.PropertyApplication.Approve(Guid reviewedBy, String decisionNotes) in C:\src\RentalManager\src\backend\RentalManager.Domain\Entities\PropertyApplication.cs:line 137&#xD;
   at RentalManager.UnitTests.Domain.PropertyApplicationTests.Approve_Should_Set_Status_To_Approved_With_Decision_Details() in C:\src\RentalManager\tests\RentalManager.UnitTests\Domain\PropertyApplicationTests.cs:line 77&#xD;
   at System.RuntimeMethodHandle.InvokeMethod(Object target, Void** arguments, Signature sig, Boolean isConstructor)&#xD;
   at System.Reflection.MethodBaseInvoker.InvokeWithNoArgs(Object obj, BindingFlags invokeAttr)
</StackTrace>
        </ErrorInfo>
      </Output>
    </UnitTestResult>
    <UnitTestResult executionId="b421556d-6cfd-495d-8894-9820101b1c8a" testId="d27d7b97-4075-b632-c521-84280d4bf170" testName="Review_Should_Set_Status_To_UnderReview" computerName="WIN-2DIK63C7G4T" duration="00:00:00.0001970" startTime="2025-10-30T14:26:47.3381602-04:00" endTime="2025-10-30T14:26:47.3383566-04:00" testType="13cdc9d9-ddb5-4fa4-a97d-d965ccfc6d4b" outcome="Failed" testListId="8c84fa94-04c1-424b-9868-57a2d4851a1d" relativeResultsDirectory="b421556d-6cfd-495d-8894-9820101b1c8a">
      <Output>
        <ErrorInfo>
          <Message>System.InvalidOperationException : Application must be submitted before it can be reviewed</Message>
          <StackTrace>   at RentalManager.Domain.Entities.PropertyApplication.Review(Guid reviewedBy) in C:\src\RentalManager\src\backend\RentalManager.Domain\Entities\PropertyApplication.cs:line 114&#xD;
   at RentalManager.UnitTests.Domain.PropertyApplicationTests.Review_Should_Set_Status_To_UnderReview() in C:\src\RentalManager\tests\RentalManager.UnitTests\Domain\PropertyApplicationTests.cs:line 62&#xD;
   at System.RuntimeMethodHandle.InvokeMethod(Object target, Void** arguments, Signature sig, Boolean isConstructor)&#xD;
   at System.Reflection.MethodBaseInvoker.InvokeWithNoArgs(Object obj, BindingFlags invokeAttr)
</StackTrace>
        </ErrorInfo>
      </Output>
    </UnitTestResult>
    <UnitTestResult executionId="8a8256a3-bb5d-4fd9-8a8c-d61415145c27" testId="39a4a813-62f8-c36d-f393-c62cbf70c56f" testName="Equals_WithNull_ShouldReturnFalse" computerName="WIN-2DIK63C7G4T" duration="00:00:00.0000440" startTime="2025-10-30T14:26:47.3426416-04:00" endTime="2025-10-30T14:26:47.3426853-04:00" testType="13cdc9d9-ddb5-4fa4-a97d-d965ccfc6d4b" outcome="Passed" testListId="8c84fa94-04c1-424b-9868-57a2d4851a1d" relativeResultsDirectory="8a8256a3-bb5d-4fd9-8a8c-d61415145c27" />
    <UnitTestResult executionId="83ffd247-a43f-40a3-92e2-691a61c12ed6" testId="588f7073-6219-c630-4ad0-96f4ad080f1c" testName="Constructor_WithNullLastName_ShouldThrowArgumentException" computerName="WIN-2DIK63C7G4T" duration="00:00:00.0000940" startTime="2025-10-30T14:26:47.3113225-04:00" endTime="2025-10-30T14:26:47.3114168-04:00" testType="13cdc9d9-ddb5-4fa4-a97d-d965ccfc6d4b" outcome="Passed" testListId="8c84fa94-04c1-424b-9868-57a2d4851a1d" relativeResultsDirectory="83ffd247-a43f-40a3-92e2-691a61c12ed6" />
    <UnitTestResult executionId="f4629414-5cae-4c40-bbc3-81c23874d0cb" testId="a4d2d7c0-7d14-56b6-9111-ada5406270de" testName="PropertyApplication_Creation_Should_Set_Properties_Correctly" computerName="WIN-2DIK63C7G4T" duration="00:00:00.0004840" startTime="2025-10-30T14:26:47.3373001-04:00" endTime="2025-10-30T14:26:47.3377843-04:00" testType="13cdc9d9-ddb5-4fa4-a97d-d965ccfc6d4b" outcome="Passed" testListId="8c84fa94-04c1-424b-9868-57a2d4851a1d" relativeResultsDirectory="f4629414-5cae-4c40-bbc3-81c23874d0cb" />
    <UnitTestResult executionId="b80b2e67-236a-448f-8f3c-9046aaf18784" testId="7593a1ce-a230-c192-2be1-01d087c693a9" testName="Handle_WithNullCurrency_ShouldThrowArgumentException" computerName="WIN-2DIK63C7G4T" duration="00:00:00.0005640" startTime="2025-10-30T14:26:47.2892045-04:00" endTime="2025-10-30T14:26:47.2897683-04:00" testType="13cdc9d9-ddb5-4fa4-a97d-d965ccfc6d4b" outcome="Passed" testListId="8c84fa94-04c1-424b-9868-57a2d4851a1d" relativeResultsDirectory="b80b2e67-236a-448f-8f3c-9046aaf18784" />
    <UnitTestResult executionId="fcc609e0-2112-4cdb-ac46-82db2abbddef" testId="924522b3-6eb0-76ad-65ec-c64a9c88a412" testName="Submit_Should_Set_Status_To_Pending_And_SubmittedAt" computerName="WIN-2DIK63C7G4T" duration="00:00:00.0002320" startTime="2025-10-30T14:26:47.3383646-04:00" endTime="2025-10-30T14:26:47.3385969-04:00" testType="13cdc9d9-ddb5-4fa4-a97d-d965ccfc6d4b" outcome="Passed" testListId="8c84fa94-04c1-424b-9868-57a2d4851a1d" relativeResultsDirectory="fcc609e0-2112-4cdb-ac46-82db2abbddef" />
    <UnitTestResult executionId="4386c681-4cb5-46ff-a3e9-c2af0708d7ab" testId="f57091d9-0e83-682e-f775-6036cb3d7223" testName="Activate_Should_Change_Status_To_Active" computerName="WIN-2DIK63C7G4T" duration="00:00:00.0050540" startTime="2025-10-30T14:26:47.3123522-04:00" endTime="2025-10-30T14:26:47.3174054-04:00" testType="13cdc9d9-ddb5-4fa4-a97d-d965ccfc6d4b" outcome="Passed" testListId="8c84fa94-04c1-424b-9868-57a2d4851a1d" relativeResultsDirectory="4386c681-4cb5-46ff-a3e9-c2af0708d7ab" />
    <UnitTestResult executionId="095e6cea-2b1c-4d62-a31e-905cccad0ac2" testId="f08304bf-6907-b87f-c512-ac7a01ebdf76" testName="UpdateRent_Should_Change_Monthly_Rent" computerName="WIN-2DIK63C7G4T" duration="00:00:00.0001910" startTime="2025-10-30T14:26:47.3234962-04:00" endTime="2025-10-30T14:26:47.3236870-04:00" testType="13cdc9d9-ddb5-4fa4-a97d-d965ccfc6d4b" outcome="Passed" testListId="8c84fa94-04c1-424b-9868-57a2d4851a1d" relativeResultsDirectory="095e6cea-2b1c-4d62-a31e-905cccad0ac2" />
    <UnitTestResult executionId="484483fe-c052-44f4-b5d8-a2067a1e0bc0" testId="57ebc68f-955f-115f-dbe4-08ec03ad1810" testName="Lease_Creation_Should_Fail_When_EndDate_Before_StartDate" computerName="WIN-2DIK63C7G4T" duration="00:00:00.0017530" startTime="2025-10-30T14:26:47.3184595-04:00" endTime="2025-10-30T14:26:47.3202122-04:00" testType="13cdc9d9-ddb5-4fa4-a97d-d965ccfc6d4b" outcome="Passed" testListId="8c84fa94-04c1-424b-9868-57a2d4851a1d" relativeResultsDirectory="484483fe-c052-44f4-b5d8-a2067a1e0bc0" />
    <UnitTestResult executionId="f0d3b268-7039-47f3-8460-985907d21a43" testId="4259b807-33e0-b659-c198-766ca58d5216" testName="Fail_WithEmptyFailureReason_ShouldThrowArgumentException" computerName="WIN-2DIK63C7G4T" duration="00:00:00.0002400" startTime="2025-10-30T14:26:47.3036969-04:00" endTime="2025-10-30T14:26:47.3039369-04:00" testType="13cdc9d9-ddb5-4fa4-a97d-d965ccfc6d4b" outcome="Passed" testListId="8c84fa94-04c1-424b-9868-57a2d4851a1d" relativeResultsDirectory="f0d3b268-7039-47f3-8460-985907d21a43" />
    <UnitTestResult executionId="b4dae264-b45f-493d-9aed-76d0d976b34e" testId="1063a240-f47b-39d1-e078-a978d923e4b3" testName="GetHashCode_WithDifferentCurrency_ShouldReturnDifferentHashCode" computerName="WIN-2DIK63C7G4T" duration="00:00:00.0000390" startTime="2025-10-30T14:26:47.3451849-04:00" endTime="2025-10-30T14:26:47.3452239-04:00" testType="13cdc9d9-ddb5-4fa4-a97d-d965ccfc6d4b" outcome="Passed" testListId="8c84fa94-04c1-424b-9868-57a2d4851a1d" relativeResultsDirectory="b4dae264-b45f-493d-9aed-76d0d976b34e" />
    <UnitTestResult executionId="295bcb98-95d4-42fa-be34-d7606156a5e6" testId="75f0458a-dcf8-4b2f-2a43-2e695b05ff3d" testName="Create_WithNegativeAmount_ShouldThrowArgumentException" computerName="WIN-2DIK63C7G4T" duration="00:00:00.0001440" startTime="2025-10-30T14:26:47.3437491-04:00" endTime="2025-10-30T14:26:47.3438934-04:00" testType="13cdc9d9-ddb5-4fa4-a97d-d965ccfc6d4b" outcome="Passed" testListId="8c84fa94-04c1-424b-9868-57a2d4851a1d" relativeResultsDirectory="295bcb98-95d4-42fa-be34-d7606156a5e6" />
    <UnitTestResult executionId="6a19cd26-cc8d-4427-99f7-ec339c697fa2" testId="ad8ac5eb-5bb0-95ae-0f3e-f7951d48bb31" testName="Reject_Should_Set_Status_To_Rejected_With_Decision_Details" computerName="WIN-2DIK63C7G4T" duration="00:00:00.0003579" startTime="2025-10-30T14:26:47.3377910-04:00" endTime="2025-10-30T14:26:47.3381484-04:00" testType="13cdc9d9-ddb5-4fa4-a97d-d965ccfc6d4b" outcome="Failed" testListId="8c84fa94-04c1-424b-9868-57a2d4851a1d" relativeResultsDirectory="6a19cd26-cc8d-4427-99f7-ec339c697fa2">
      <Output>
        <ErrorInfo>
          <Message>System.InvalidOperationException : Application must be submitted before it can be rejected</Message>
          <StackTrace>   at RentalManager.Domain.Entities.PropertyApplication.Reject(Guid reviewedBy, String decisionNotes) in C:\src\RentalManager\src\backend\RentalManager.Domain\Entities\PropertyApplication.cs:line 170&#xD;
   at RentalManager.UnitTests.Domain.PropertyApplicationTests.Reject_Should_Set_Status_To_Rejected_With_Decision_Details() in C:\src\RentalManager\tests\RentalManager.UnitTests\Domain\PropertyApplicationTests.cs:line 95&#xD;
   at System.RuntimeMethodHandle.InvokeMethod(Object target, Void** arguments, Signature sig, Boolean isConstructor)&#xD;
   at System.Reflection.MethodBaseInvoker.InvokeWithNoArgs(Object obj, BindingFlags invokeAttr)
</StackTrace>
        </ErrorInfo>
      </Output>
    </UnitTestResult>
    <UnitTestResult executionId="5107f222-47bc-4796-8cf6-3605e5745b34" testId="fa64b323-daad-bccc-fa99-5d03f0747c5a" testName="Equals_WithSameAmountAndCurrency_ShouldReturnTrue" computerName="WIN-2DIK63C7G4T" duration="00:00:00.0000560" startTime="2025-10-30T14:26:47.3450302-04:00" endTime="2025-10-30T14:26:47.3450864-04:00" testType="13cdc9d9-ddb5-4fa4-a97d-d965ccfc6d4b" outcome="Passed" testListId="8c84fa94-04c1-424b-9868-57a2d4851a1d" relativeResultsDirectory="5107f222-47bc-4796-8cf6-3605e5745b34" />
    <UnitTestResult executionId="516f9f23-221a-40c5-9d89-9e64ab810d11" testId="abb1255f-ce61-8a0c-ff58-33d4f63514d2" testName="Create_WithValidEmailFormats_ShouldCreateEmail(&quot;user@domain-name.com&quot;)" computerName="WIN-2DIK63C7G4T" duration="00:00:00.0000020" startTime="2025-10-30T14:26:47.3423276-04:00" endTime="2025-10-30T14:26:47.3423296-04:00" testType="13cdc9d9-ddb5-4fa4-a97d-d965ccfc6d4b" outcome="Passed" testListId="8c84fa94-04c1-424b-9868-57a2d4851a1d" relativeResultsDirectory="516f9f23-221a-40c5-9d89-9e64ab810d11" />
    <UnitTestResult executionId="a887bf67-abb9-4ad7-83a7-83ba6a77e02d" testId="50bfafbd-32d7-50cc-34bb-65500e40f2da" testName="Create_WithDefaultCurrency_ShouldUseUSD" computerName="WIN-2DIK63C7G4T" duration="00:00:00.0000540" startTime="2025-10-30T14:26:47.3434355-04:00" endTime="2025-10-30T14:26:47.3434899-04:00" testType="13cdc9d9-ddb5-4fa4-a97d-d965ccfc6d4b" outcome="Passed" testListId="8c84fa94-04c1-424b-9868-57a2d4851a1d" relativeResultsDirectory="a887bf67-abb9-4ad7-83a7-83ba6a77e02d" />
    <UnitTestResult executionId="a0f2d670-3799-468e-8dbd-2f6c1334b77f" testId="d11cccc0-97df-787e-11db-04f09c4383b7" testName="Withdraw_Should_Set_Status_To_Withdrawn" computerName="WIN-2DIK63C7G4T" duration="00:00:00.0000680" startTime="2025-10-30T14:26:47.3386057-04:00" endTime="2025-10-30T14:26:47.3386736-04:00" testType="13cdc9d9-ddb5-4fa4-a97d-d965ccfc6d4b" outcome="Passed" testListId="8c84fa94-04c1-424b-9868-57a2d4851a1d" relativeResultsDirectory="a0f2d670-3799-468e-8dbd-2f6c1334b77f" />
    <UnitTestResult executionId="5bcc311f-9376-4f0d-a604-56b5cba2b855" testId="cd73d07f-5eb5-0744-59d1-91c5156a22ef" testName="Add_WithSameCurrency_ShouldReturnCorrectSum" computerName="WIN-2DIK63C7G4T" duration="00:00:00.0000880" startTime="2025-10-30T14:26:47.3433452-04:00" endTime="2025-10-30T14:26:47.3434329-04:00" testType="13cdc9d9-ddb5-4fa4-a97d-d965ccfc6d4b" outcome="Passed" testListId="8c84fa94-04c1-424b-9868-57a2d4851a1d" relativeResultsDirectory="5bcc311f-9376-4f0d-a604-56b5cba2b855" />
    <UnitTestResult executionId="60bb65d9-4aab-4ad2-867a-4d4c397fd869" testId="d355b8fc-8202-d6f1-2bce-4c7398e3e332" testName="MarkAsUnlisted_Should_Change_Status_To_Unlisted" computerName="WIN-2DIK63C7G4T" duration="00:00:00.0000360" startTime="2025-10-30T14:26:47.3401343-04:00" endTime="2025-10-30T14:26:47.3401700-04:00" testType="13cdc9d9-ddb5-4fa4-a97d-d965ccfc6d4b" outcome="Passed" testListId="8c84fa94-04c1-424b-9868-57a2d4851a1d" relativeResultsDirectory="60bb65d9-4aab-4ad2-867a-4d4c397fd869" />
    <UnitTestResult executionId="078e0440-f5ad-4db3-94ec-0e90f293aff9" testId="feeaab32-fd53-ae8f-e367-5846af7377d9" testName="Zero_WithDefaultCurrency_ShouldCreateZeroMoney" computerName="WIN-2DIK63C7G4T" duration="00:00:00.0000660" startTime="2025-10-30T14:26:47.3464610-04:00" endTime="2025-10-30T14:26:47.3465267-04:00" testType="13cdc9d9-ddb5-4fa4-a97d-d965ccfc6d4b" outcome="Passed" testListId="8c84fa94-04c1-424b-9868-57a2d4851a1d" relativeResultsDirectory="078e0440-f5ad-4db3-94ec-0e90f293aff9" />
    <UnitTestResult executionId="807fc7d1-e404-412c-b600-c9581c3997a7" testId="713d8189-4298-75f2-635a-0c323324e2d2" testName="Create_WithValidEmailFormats_ShouldCreateEmail(&quot;user@sub.domain.com&quot;)" computerName="WIN-2DIK63C7G4T" duration="00:00:00.0000040" startTime="2025-10-30T14:26:47.3423164-04:00" endTime="2025-10-30T14:26:47.3423205-04:00" testType="13cdc9d9-ddb5-4fa4-a97d-d965ccfc6d4b" outcome="Passed" testListId="8c84fa94-04c1-424b-9868-57a2d4851a1d" relativeResultsDirectory="807fc7d1-e404-412c-b600-c9581c3997a7" />
    <UnitTestResult executionId="9ca6cc4e-7a57-4859-a110-2e24cf3dd0eb" testId="e905cf9e-5f35-a54e-a274-6f8700255cfb" testName="Lease_Creation_Should_Fail_With_Invalid_PropertyId" computerName="WIN-2DIK63C7G4T" duration="00:00:00.0001630" startTime="2025-10-30T14:26:47.3202248-04:00" endTime="2025-10-30T14:26:47.3203879-04:00" testType="13cdc9d9-ddb5-4fa4-a97d-d965ccfc6d4b" outcome="Passed" testListId="8c84fa94-04c1-424b-9868-57a2d4851a1d" relativeResultsDirectory="9ca6cc4e-7a57-4859-a110-2e24cf3dd0eb" />
    <UnitTestResult executionId="2c4a4525-841a-4cd0-ba78-74b4b5c1ba38" testId="5c3fb4de-fd2b-8bf7-55b0-761ee5a7e069" testName="Handle_WithNullCurrency_ShouldThrowArgumentException" computerName="WIN-2DIK63C7G4T" duration="00:00:00.0006380" startTime="2025-10-30T14:26:47.2716824-04:00" endTime="2025-10-30T14:26:47.2723204-04:00" testType="13cdc9d9-ddb5-4fa4-a97d-d965ccfc6d4b" outcome="Passed" testListId="8c84fa94-04c1-424b-9868-57a2d4851a1d" relativeResultsDirectory="2c4a4525-841a-4cd0-ba78-74b4b5c1ba38" />
    <UnitTestResult executionId="2c67196d-8cd2-4c1d-a2f8-4d2bf2c95388" testId="c09cb198-7370-5c43-878a-775e191e1151" testName="Create_WithNullEmail_ShouldThrowArgumentException" computerName="WIN-2DIK63C7G4T" duration="00:00:00.0001520" startTime="2025-10-30T14:26:47.3419541-04:00" endTime="2025-10-30T14:26:47.3421055-04:00" testType="13cdc9d9-ddb5-4fa4-a97d-d965ccfc6d4b" outcome="Passed" testListId="8c84fa94-04c1-424b-9868-57a2d4851a1d" relativeResultsDirectory="2c67196d-8cd2-4c1d-a2f8-4d2bf2c95388" />
    <UnitTestResult executionId="9794877d-011a-4a38-bb40-386a0f808f99" testId="e18e1a93-3506-fad6-6b20-7fb3e21be047" testName="Subtract_WithSameCurrency_ShouldReturnCorrectDifference" computerName="WIN-2DIK63C7G4T" duration="00:00:00.0000850" startTime="2025-10-30T14:26:47.3454954-04:00" endTime="2025-10-30T14:26:47.3455804-04:00" testType="13cdc9d9-ddb5-4fa4-a97d-d965ccfc6d4b" outcome="Passed" testListId="8c84fa94-04c1-424b-9868-57a2d4851a1d" relativeResultsDirectory="9794877d-011a-4a38-bb40-386a0f808f99" />
    <UnitTestResult executionId="54f49c89-5761-4439-8bab-1117631b9003" testId="1ab1f96b-73c0-fdee-0e8a-7562232bea1f" testName="GetHashCode_WithDifferentEmail_ShouldReturnDifferentHashCode" computerName="WIN-2DIK63C7G4T" duration="00:00:00.0001450" startTime="2025-10-30T14:26:47.3427449-04:00" endTime="2025-10-30T14:26:47.3428898-04:00" testType="13cdc9d9-ddb5-4fa4-a97d-d965ccfc6d4b" outcome="Passed" testListId="8c84fa94-04c1-424b-9868-57a2d4851a1d" relativeResultsDirectory="54f49c89-5761-4439-8bab-1117631b9003" />
    <UnitTestResult executionId="735da956-9715-48a9-8084-93c19239e1ed" testId="af286995-4948-72a2-d369-91bc7fd2a2e6" testName="Handle_WithEmptyCurrency_ShouldThrowArgumentException" computerName="WIN-2DIK63C7G4T" duration="00:00:00.0008860" startTime="2025-10-30T14:26:47.2694720-04:00" endTime="2025-10-30T14:26:47.2703575-04:00" testType="13cdc9d9-ddb5-4fa4-a97d-d965ccfc6d4b" outcome="Passed" testListId="8c84fa94-04c1-424b-9868-57a2d4851a1d" relativeResultsDirectory="735da956-9715-48a9-8084-93c19239e1ed" />
    <UnitTestResult executionId="e294fd48-c5dd-4ce0-867f-c1662ca5001f" testId="268d9f86-699c-0758-cf31-4685722dc660" testName="Refund_ShouldSetStatusToRefunded" computerName="WIN-2DIK63C7G4T" duration="00:00:00.0000880" startTime="2025-10-30T14:26:47.3046565-04:00" endTime="2025-10-30T14:26:47.3047440-04:00" testType="13cdc9d9-ddb5-4fa4-a97d-d965ccfc6d4b" outcome="Passed" testListId="8c84fa94-04c1-424b-9868-57a2d4851a1d" relativeResultsDirectory="e294fd48-c5dd-4ce0-867f-c1662ca5001f" />
    <UnitTestResult executionId="ef84072f-647c-4b36-9de4-11670c1de2cc" testId="b1387fb3-e7ea-551e-b406-319e9247e2b5" testName="Create_WithValidEmail_ShouldCreateEmail" computerName="WIN-2DIK63C7G4T" duration="00:00:00.0000240" startTime="2025-10-30T14:26:47.3421596-04:00" endTime="2025-10-30T14:26:47.3421836-04:00" testType="13cdc9d9-ddb5-4fa4-a97d-d965ccfc6d4b" outcome="Passed" testListId="8c84fa94-04c1-424b-9868-57a2d4851a1d" relativeResultsDirectory="ef84072f-647c-4b36-9de4-11670c1de2cc" />
    <UnitTestResult executionId="d2ab985c-e620-41d8-87db-e1e885950d91" testId="8c41feaa-55a9-a4dc-04f5-c9e461c16754" testName="Handle_WithCancellationToken_ShouldPassTokenToService" computerName="WIN-2DIK63C7G4T" duration="00:00:00.0018750" startTime="2025-10-30T14:26:47.2675876-04:00" endTime="2025-10-30T14:26:47.2694621-04:00" testType="13cdc9d9-ddb5-4fa4-a97d-d965ccfc6d4b" outcome="Passed" testListId="8c84fa94-04c1-424b-9868-57a2d4851a1d" relativeResultsDirectory="d2ab985c-e620-41d8-87db-e1e885950d91" />
    <UnitTestResult executionId="65ef392c-d28f-416b-a019-8ea8e3c999c5" testId="ddc945da-8b19-86de-04a6-f9b1c7fd11f4" testName="Equals_WithDifferentAmount_ShouldReturnFalse" computerName="WIN-2DIK63C7G4T" duration="00:00:00.0002240" startTime="2025-10-30T14:26:47.3446632-04:00" endTime="2025-10-30T14:26:47.3448870-04:00" testType="13cdc9d9-ddb5-4fa4-a97d-d965ccfc6d4b" outcome="Passed" testListId="8c84fa94-04c1-424b-9868-57a2d4851a1d" relativeResultsDirectory="65ef392c-d28f-416b-a019-8ea8e3c999c5" />
    <UnitTestResult executionId="a70c005b-4c4e-4546-b183-35150500a296" testId="3970cc2e-7383-76f8-d503-ea1287610ae7" testName="GetHashCode_WithSameEmail_ShouldReturnSameHashCode" computerName="WIN-2DIK63C7G4T" duration="00:00:00.0000370" startTime="2025-10-30T14:26:47.3428933-04:00" endTime="2025-10-30T14:26:47.3429307-04:00" testType="13cdc9d9-ddb5-4fa4-a97d-d965ccfc6d4b" outcome="Passed" testListId="8c84fa94-04c1-424b-9868-57a2d4851a1d" relativeResultsDirectory="a70c005b-4c4e-4546-b183-35150500a296" />
    <UnitTestResult executionId="79ad6b37-3bcf-4c6f-9c49-0a107535ce3e" testId="ac22c7f8-eca4-2dce-255d-d55a08572802" testName="Create_WithEmptyCurrency_ShouldThrowArgumentException" computerName="WIN-2DIK63C7G4T" duration="00:00:00.0002020" startTime="2025-10-30T14:26:47.3434922-04:00" endTime="2025-10-30T14:26:47.3436938-04:00" testType="13cdc9d9-ddb5-4fa4-a97d-d965ccfc6d4b" outcome="Passed" testListId="8c84fa94-04c1-424b-9868-57a2d4851a1d" relativeResultsDirectory="79ad6b37-3bcf-4c6f-9c49-0a107535ce3e" />
    <UnitTestResult executionId="26155831-5ced-451a-85de-ea0e7081560a" testId="6017269f-6c53-fa08-2516-ac5a495baebe" testName="Create_WithZeroAmount_ShouldCreateMoney" computerName="WIN-2DIK63C7G4T" duration="00:00:00.0000570" startTime="2025-10-30T14:26:47.3446036-04:00" endTime="2025-10-30T14:26:47.3446608-04:00" testType="13cdc9d9-ddb5-4fa4-a97d-d965ccfc6d4b" outcome="Passed" testListId="8c84fa94-04c1-424b-9868-57a2d4851a1d" relativeResultsDirectory="26155831-5ced-451a-85de-ea0e7081560a" />
    <UnitTestResult executionId="0073e9a7-3fce-421c-92a8-9f0dadc7e3dd" testId="eb436352-3f69-db9f-86e7-b9cd5b2010f4" testName="Handle_WithNullPlanId_ShouldThrowArgumentException" computerName="WIN-2DIK63C7G4T" duration="00:00:00.0006360" startTime="2025-10-30T14:26:47.2750738-04:00" endTime="2025-10-30T14:26:47.2757100-04:00" testType="13cdc9d9-ddb5-4fa4-a97d-d965ccfc6d4b" outcome="Passed" testListId="8c84fa94-04c1-424b-9868-57a2d4851a1d" relativeResultsDirectory="0073e9a7-3fce-421c-92a8-9f0dadc7e3dd" />
    <UnitTestResult executionId="759733af-18da-477a-bc6d-ad5600632255" testId="a3e89872-f33b-8dee-7b63-d9a73a1952fa" testName="RecordLogin_ShouldUpdateLastLoginAt" computerName="WIN-2DIK63C7G4T" duration="00:00:00.0001000" startTime="2025-10-30T14:26:47.3119127-04:00" endTime="2025-10-30T14:26:47.3120130-04:00" testType="13cdc9d9-ddb5-4fa4-a97d-d965ccfc6d4b" outcome="Passed" testListId="8c84fa94-04c1-424b-9868-57a2d4851a1d" relativeResultsDirectory="759733af-18da-477a-bc6d-ad5600632255" />
    <UnitTestResult executionId="3b9b1518-86cd-4a09-8259-8569fc7ab134" testId="93ac4e17-8ca0-fd33-4c61-9887275b74aa" testName="Equals_WithDifferentCurrency_ShouldReturnFalse" computerName="WIN-2DIK63C7G4T" duration="00:00:00.0000840" startTime="2025-10-30T14:26:47.3448919-04:00" endTime="2025-10-30T14:26:47.3449763-04:00" testType="13cdc9d9-ddb5-4fa4-a97d-d965ccfc6d4b" outcome="Passed" testListId="8c84fa94-04c1-424b-9868-57a2d4851a1d" relativeResultsDirectory="3b9b1518-86cd-4a09-8259-8569fc7ab134" />
    <UnitTestResult executionId="f96c0b61-c5ff-46f6-b8d2-a7c5611a77b4" testId="25c1c8ea-d0bc-4154-a8b1-54a49a731e18" testName="Create_WithInvalidEmailFormats_ShouldThrowArgumentException(&quot;user@domain..com&quot;)" computerName="WIN-2DIK63C7G4T" duration="00:00:00.0000300" startTime="2025-10-30T14:26:47.3417841-04:00" endTime="2025-10-30T14:26:47.3418144-04:00" testType="13cdc9d9-ddb5-4fa4-a97d-d965ccfc6d4b" outcome="Passed" testListId="8c84fa94-04c1-424b-9868-57a2d4851a1d" relativeResultsDirectory="f96c0b61-c5ff-46f6-b8d2-a7c5611a77b4" />
    <UnitTestResult executionId="7e0396fd-9637-40b8-bdc3-947d6d2c8226" testId="f5e675c9-cdb7-ed2f-cb3a-050ab6a17d97" testName="Process_ShouldSetStatusToProcessing" computerName="WIN-2DIK63C7G4T" duration="00:00:00.0001350" startTime="2025-10-30T14:26:47.3045154-04:00" endTime="2025-10-30T14:26:47.3046501-04:00" testType="13cdc9d9-ddb5-4fa4-a97d-d965ccfc6d4b" outcome="Passed" testListId="8c84fa94-04c1-424b-9868-57a2d4851a1d" relativeResultsDirectory="7e0396fd-9637-40b8-bdc3-947d6d2c8226" />
    <UnitTestResult executionId="9933cf3c-fbc9-48dd-8fd6-7e37b9f6c145" testId="13f1cca0-61cd-51c9-fb85-7136480bfe55" testName="PartialRefund_ShouldSetStatusToPartiallyRefunded" computerName="WIN-2DIK63C7G4T" duration="00:00:00.0001190" startTime="2025-10-30T14:26:47.3043897-04:00" endTime="2025-10-30T14:26:47.3045092-04:00" testType="13cdc9d9-ddb5-4fa4-a97d-d965ccfc6d4b" outcome="Passed" testListId="8c84fa94-04c1-424b-9868-57a2d4851a1d" relativeResultsDirectory="9933cf3c-fbc9-48dd-8fd6-7e37b9f6c145" />
    <UnitTestResult executionId="a8d39daf-2b4e-4b50-9fbb-d77813bda064" testId="1d929b23-59e2-e962-563c-5918b5ee182b" testName="Create_WithInvalidEmailFormats_ShouldThrowArgumentException(&quot;user..name@domain.com&quot;)" computerName="WIN-2DIK63C7G4T" duration="00:00:00.0000340" startTime="2025-10-30T14:26:47.3417487-04:00" endTime="2025-10-30T14:26:47.3417824-04:00" testType="13cdc9d9-ddb5-4fa4-a97d-d965ccfc6d4b" outcome="Passed" testListId="8c84fa94-04c1-424b-9868-57a2d4851a1d" relativeResultsDirectory="a8d39daf-2b4e-4b50-9fbb-d77813bda064" />
    <UnitTestResult executionId="9308dca6-7286-44c2-a1b3-ab9b4fc0d9c7" testId="d895c219-84a6-5923-0b48-e2d88c3d479c" testName="Create_WithValidEmailFormats_ShouldCreateEmail(&quot;user@domain.com&quot;)" computerName="WIN-2DIK63C7G4T" duration="00:00:00.0000270" startTime="2025-10-30T14:26:47.3421935-04:00" endTime="2025-10-30T14:26:47.3422203-04:00" testType="13cdc9d9-ddb5-4fa4-a97d-d965ccfc6d4b" outcome="Passed" testListId="8c84fa94-04c1-424b-9868-57a2d4851a1d" relativeResultsDirectory="9308dca6-7286-44c2-a1b3-ab9b4fc0d9c7" />
    <UnitTestResult executionId="314a2707-13bb-440b-871b-de7701c979dd" testId="faf2810a-28b1-8ac7-561b-1ad4ed363b64" testName="Handle_WhenGetUserSubscriptionsThrowsException_ShouldPropagateException" computerName="WIN-2DIK63C7G4T" duration="00:00:00.1170510" startTime="2025-10-30T14:26:47.1464376-04:00" endTime="2025-10-30T14:26:47.2634613-04:00" testType="13cdc9d9-ddb5-4fa4-a97d-d965ccfc6d4b" outcome="Passed" testListId="8c84fa94-04c1-424b-9868-57a2d4851a1d" relativeResultsDirectory="314a2707-13bb-440b-871b-de7701c979dd" />
    <UnitTestResult executionId="ff914f27-de35-4b7e-b13f-2912b8e6c09a" testId="d673f134-685d-8e1a-8f7a-29395c1fbf76" testName="Constructor_WithZeroAmount_ShouldCreatePayment" computerName="WIN-2DIK63C7G4T" duration="00:00:00.0000710" startTime="2025-10-30T14:26:47.3021721-04:00" endTime="2025-10-30T14:26:47.3022430-04:00" testType="13cdc9d9-ddb5-4fa4-a97d-d965ccfc6d4b" outcome="Passed" testListId="8c84fa94-04c1-424b-9868-57a2d4851a1d" relativeResultsDirectory="ff914f27-de35-4b7e-b13f-2912b8e6c09a" />
    <UnitTestResult executionId="4e3216d4-c2fa-4108-838d-1a095853ff0c" testId="09d2931d-751d-83f5-4283-4e8df26e2d83" testName="Add_WithDifferentCurrencies_ShouldThrowInvalidOperationException" computerName="WIN-2DIK63C7G4T" duration="00:00:00.0002930" startTime="2025-10-30T14:26:47.3430459-04:00" endTime="2025-10-30T14:26:47.3433386-04:00" testType="13cdc9d9-ddb5-4fa4-a97d-d965ccfc6d4b" outcome="Passed" testListId="8c84fa94-04c1-424b-9868-57a2d4851a1d" relativeResultsDirectory="4e3216d4-c2fa-4108-838d-1a095853ff0c" />
    <UnitTestResult executionId="8b7e7097-4650-4bc9-8d30-dbeef935ad19" testId="dfe278c9-46ef-f3ee-56d9-f015807c8c38" testName="Handle_WithEmptyUserId_ShouldThrowArgumentException" computerName="WIN-2DIK63C7G4T" duration="00:00:00.0005900" startTime="2025-10-30T14:26:47.2886072-04:00" endTime="2025-10-30T14:26:47.2891969-04:00" testType="13cdc9d9-ddb5-4fa4-a97d-d965ccfc6d4b" outcome="Passed" testListId="8c84fa94-04c1-424b-9868-57a2d4851a1d" relativeResultsDirectory="8b7e7097-4650-4bc9-8d30-dbeef935ad19" />
    <UnitTestResult executionId="e9e6213e-ab4c-4e8f-81c8-9d70270a645d" testId="57617b10-ac58-8ea3-012d-3f8d2926519c" testName="Handle_WithNullDescription_ShouldCallPaymentService" computerName="WIN-2DIK63C7G4T" duration="00:00:00.0015150" startTime="2025-10-30T14:26:47.2897758-04:00" endTime="2025-10-30T14:26:47.2912910-04:00" testType="13cdc9d9-ddb5-4fa4-a97d-d965ccfc6d4b" outcome="Passed" testListId="8c84fa94-04c1-424b-9868-57a2d4851a1d" relativeResultsDirectory="e9e6213e-ab4c-4e8f-81c8-9d70270a645d" />
    <UnitTestResult executionId="96ba1680-5eef-4b39-931f-5f30ec74757f" testId="55ce4cd6-3fd7-c806-8877-1004d3d1514f" testName="ToString_ShouldReturnFormattedString" computerName="WIN-2DIK63C7G4T" duration="00:00:00.0007810" startTime="2025-10-30T14:26:47.3455827-04:00" endTime="2025-10-30T14:26:47.3463638-04:00" testType="13cdc9d9-ddb5-4fa4-a97d-d965ccfc6d4b" outcome="Passed" testListId="8c84fa94-04c1-424b-9868-57a2d4851a1d" relativeResultsDirectory="96ba1680-5eef-4b39-931f-5f30ec74757f" />
    <UnitTestResult executionId="42d97476-915b-4951-94e0-5821b4363d96" testId="dd2667a7-86b1-2a72-80ed-3a07675db557" testName="FullName_ShouldReturnConcatenatedName" computerName="WIN-2DIK63C7G4T" duration="00:00:00.0000590" startTime="2025-10-30T14:26:47.3118108-04:00" endTime="2025-10-30T14:26:47.3118697-04:00" testType="13cdc9d9-ddb5-4fa4-a97d-d965ccfc6d4b" outcome="Passed" testListId="8c84fa94-04c1-424b-9868-57a2d4851a1d" relativeResultsDirectory="42d97476-915b-4951-94e0-5821b4363d96" />
    <UnitTestResult executionId="ca7ebbac-4002-402c-b4a3-2fc52428c82a" testId="d89aca8a-6a5b-1b92-00db-ee159b9fa85c" testName="Handle_WhenPaymentServiceThrowsException_ShouldPropagateException" computerName="WIN-2DIK63C7G4T" duration="00:00:00.0023720" startTime="2025-10-30T14:26:47.2842214-04:00" endTime="2025-10-30T14:26:47.2865934-04:00" testType="13cdc9d9-ddb5-4fa4-a97d-d965ccfc6d4b" outcome="Passed" testListId="8c84fa94-04c1-424b-9868-57a2d4851a1d" relativeResultsDirectory="ca7ebbac-4002-402c-b4a3-2fc52428c82a" />
    <UnitTestResult executionId="c09282c1-64bd-4820-9853-3f1093e00047" testId="7e64559b-dd97-c40f-d089-088441edc27e" testName="Create_WithLowercaseCurrency_ShouldConvertToUppercase" computerName="WIN-2DIK63C7G4T" duration="00:00:00.0000480" startTime="2025-10-30T14:26:47.3436989-04:00" endTime="2025-10-30T14:26:47.3437470-04:00" testType="13cdc9d9-ddb5-4fa4-a97d-d965ccfc6d4b" outcome="Passed" testListId="8c84fa94-04c1-424b-9868-57a2d4851a1d" relativeResultsDirectory="c09282c1-64bd-4820-9853-3f1093e00047" />
    <UnitTestResult executionId="c0fada82-43f7-4d90-aca3-eae76cb09f4b" testId="71e57374-878c-1aa4-a8cc-dac1925fc0cd" testName="Create_WithEmptyEmail_ShouldThrowArgumentException" computerName="WIN-2DIK63C7G4T" duration="00:00:00.0003260" startTime="2025-10-30T14:26:47.3408832-04:00" endTime="2025-10-30T14:26:47.3412086-04:00" testType="13cdc9d9-ddb5-4fa4-a97d-d965ccfc6d4b" outcome="Passed" testListId="8c84fa94-04c1-424b-9868-57a2d4851a1d" relativeResultsDirectory="c0fada82-43f7-4d90-aca3-eae76cb09f4b" />
    <UnitTestResult executionId="541ee313-1f6a-40d2-9ebd-bd88ef044626" testId="794ffd04-2bd3-28bf-c5e5-f5362b7f147c" testName="Equals_WithSameId_ShouldReturnTrue" computerName="WIN-2DIK63C7G4T" duration="00:00:00.0003730" startTime="2025-10-30T14:26:47.3022468-04:00" endTime="2025-10-30T14:26:47.3026201-04:00" testType="13cdc9d9-ddb5-4fa4-a97d-d965ccfc6d4b" outcome="Passed" testListId="8c84fa94-04c1-424b-9868-57a2d4851a1d" relativeResultsDirectory="541ee313-1f6a-40d2-9ebd-bd88ef044626" />
    <UnitTestResult executionId="1446d909-836a-45a3-8e76-184dbb8cc275" testId="707dfbcf-45ea-4f90-08e8-4eb2c28795b3" testName="GetHashCode_WithSameAmountAndCurrency_ShouldReturnSameHashCode" computerName="WIN-2DIK63C7G4T" duration="00:00:00.0000310" startTime="2025-10-30T14:26:47.3452256-04:00" endTime="2025-10-30T14:26:47.3452563-04:00" testType="13cdc9d9-ddb5-4fa4-a97d-d965ccfc6d4b" outcome="Passed" testListId="8c84fa94-04c1-424b-9868-57a2d4851a1d" relativeResultsDirectory="1446d909-836a-45a3-8e76-184dbb8cc275" />
    <UnitTestResult executionId="8c571b8d-7f1e-4501-95fc-1321e5e8b206" testId="7fbcdc96-2611-9776-d1f7-9bf69bd35341" testName="Terminate_Should_Fail_When_Lease_Not_Active" computerName="WIN-2DIK63C7G4T" duration="00:00:00.0001120" startTime="2025-10-30T14:26:47.3232785-04:00" endTime="2025-10-30T14:26:47.3233908-04:00" testType="13cdc9d9-ddb5-4fa4-a97d-d965ccfc6d4b" outcome="Passed" testListId="8c84fa94-04c1-424b-9868-57a2d4851a1d" relativeResultsDirectory="8c571b8d-7f1e-4501-95fc-1321e5e8b206" />
    <UnitTestResult executionId="a7f8adf9-2cc7-44f3-bf52-6ea97a3e7d3f" testId="2f4b9591-e446-2d0f-c34a-927e92546cb6" testName="RemoveDomainEvent_ShouldRemoveEventFromList" computerName="WIN-2DIK63C7G4T" duration="00:00:00.0000590" startTime="2025-10-30T14:26:47.3120158-04:00" endTime="2025-10-30T14:26:47.3120745-04:00" testType="13cdc9d9-ddb5-4fa4-a97d-d965ccfc6d4b" outcome="Passed" testListId="8c84fa94-04c1-424b-9868-57a2d4851a1d" relativeResultsDirectory="a7f8adf9-2cc7-44f3-bf52-6ea97a3e7d3f" />
    <UnitTestResult executionId="d62b5c76-c35a-4e9e-9adc-3cb1fd29f734" testId="985d8eb2-d712-914e-1924-ae2dc9e47418" testName="Handle_WithNullPaymentMethodId_ShouldCallPaymentService" computerName="WIN-2DIK63C7G4T" duration="00:00:00.0013710" startTime="2025-10-30T14:26:47.2912994-04:00" endTime="2025-10-30T14:26:47.2926703-04:00" testType="13cdc9d9-ddb5-4fa4-a97d-d965ccfc6d4b" outcome="Passed" testListId="8c84fa94-04c1-424b-9868-57a2d4851a1d" relativeResultsDirectory="d62b5c76-c35a-4e9e-9adc-3cb1fd29f734" />
    <UnitTestResult executionId="807561e7-56b3-42e3-982f-1037e0f775af" testId="faa692ba-d3cb-22df-0bb2-2cfdd2c7e228" testName="Create_WithWhitespaceEmail_ShouldThrowArgumentException" computerName="WIN-2DIK63C7G4T" duration="00:00:00.0001510" startTime="2025-10-30T14:26:47.3423506-04:00" endTime="2025-10-30T14:26:47.3425017-04:00" testType="13cdc9d9-ddb5-4fa4-a97d-d965ccfc6d4b" outcome="Passed" testListId="8c84fa94-04c1-424b-9868-57a2d4851a1d" relativeResultsDirectory="807561e7-56b3-42e3-982f-1037e0f775af" />
    <UnitTestResult executionId="1c94f863-4108-4826-aa36-7b9f88984f5d" testId="06ee49c9-a520-c495-07a5-991ef58dcc5b" testName="Cancel_ShouldSetStatusToCancelled" computerName="WIN-2DIK63C7G4T" duration="00:00:00.0007800" startTime="2025-10-30T14:26:47.2986306-04:00" endTime="2025-10-30T14:26:47.2994108-04:00" testType="13cdc9d9-ddb5-4fa4-a97d-d965ccfc6d4b" outcome="Passed" testListId="8c84fa94-04c1-424b-9868-57a2d4851a1d" relativeResultsDirectory="1c94f863-4108-4826-aa36-7b9f88984f5d" />
    <UnitTestResult executionId="22aae776-4b0f-48d6-90e6-6ce3b214d45f" testId="72db3ae7-9f25-5526-a960-501f95f09f62" testName="RemoveDomainEvent_ShouldRemoveEventFromList" computerName="WIN-2DIK63C7G4T" duration="00:00:00.0002930" startTime="2025-10-30T14:26:47.3047465-04:00" endTime="2025-10-30T14:26:47.3050398-04:00" testType="13cdc9d9-ddb5-4fa4-a97d-d965ccfc6d4b" outcome="Passed" testListId="8c84fa94-04c1-424b-9868-57a2d4851a1d" relativeResultsDirectory="22aae776-4b0f-48d6-90e6-6ce3b214d45f" />
    <UnitTestResult executionId="dc79db22-0362-4087-9448-6ddeab7732e7" testId="4bdf3f09-6bc8-8841-16d1-80667e4f7d4d" testName="Equals_WithSameEmail_ShouldReturnTrue" computerName="WIN-2DIK63C7G4T" duration="00:00:00.0000560" startTime="2025-10-30T14:26:47.3426871-04:00" endTime="2025-10-30T14:26:47.3427430-04:00" testType="13cdc9d9-ddb5-4fa4-a97d-d965ccfc6d4b" outcome="Passed" testListId="8c84fa94-04c1-424b-9868-57a2d4851a1d" relativeResultsDirectory="dc79db22-0362-4087-9448-6ddeab7732e7" />
    <UnitTestResult executionId="bba5dc62-840b-4d15-95e4-3eb339df5bac" testId="bf750a74-d3d3-b31e-f872-80821a13e815" testName="Create_WithValidEmailFormats_ShouldCreateEmail(&quot;user.name@domain.com&quot;)" computerName="WIN-2DIK63C7G4T" duration="00:00:00.0000800" startTime="2025-10-30T14:26:47.3422226-04:00" endTime="2025-10-30T14:26:47.3423021-04:00" testType="13cdc9d9-ddb5-4fa4-a97d-d965ccfc6d4b" outcome="Passed" testListId="8c84fa94-04c1-424b-9868-57a2d4851a1d" relativeResultsDirectory="bba5dc62-840b-4d15-95e4-3eb339df5bac" />
    <UnitTestResult executionId="f940119f-b9a7-4707-bb8f-0981c41b8ff7" testId="cb3ef353-ee7b-1c78-3d16-6ed34d5aafbb" testName="GetDurationInDays_Should_Return_Correct_Duration" computerName="WIN-2DIK63C7G4T" duration="00:00:00.0005760" startTime="2025-10-30T14:26:47.3178677-04:00" endTime="2025-10-30T14:26:47.3184433-04:00" testType="13cdc9d9-ddb5-4fa4-a97d-d965ccfc6d4b" outcome="Passed" testListId="8c84fa94-04c1-424b-9868-57a2d4851a1d" relativeResultsDirectory="f940119f-b9a7-4707-bb8f-0981c41b8ff7" />
    <UnitTestResult executionId="10126411-d3b6-4bfb-b74b-1da7e404eb3c" testId="2337b63e-41fe-023a-403f-5b02d35e3981" testName="Handle_WithEmptyUserId_ShouldThrowArgumentException" computerName="WIN-2DIK63C7G4T" duration="00:00:00.0006110" startTime="2025-10-30T14:26:47.2710631-04:00" endTime="2025-10-30T14:26:47.2716740-04:00" testType="13cdc9d9-ddb5-4fa4-a97d-d965ccfc6d4b" outcome="Passed" testListId="8c84fa94-04c1-424b-9868-57a2d4851a1d" relativeResultsDirectory="10126411-d3b6-4bfb-b74b-1da7e404eb3c" />
    <UnitTestResult executionId="b9e2f76c-80a9-4a37-82c7-17874e6e6428" testId="527629c3-517f-308c-68c5-b8db81bb4f18" testName="Equals_WithNull_ShouldReturnFalse" computerName="WIN-2DIK63C7G4T" duration="00:00:00.0000500" startTime="2025-10-30T14:26:47.3449787-04:00" endTime="2025-10-30T14:26:47.3450284-04:00" testType="13cdc9d9-ddb5-4fa4-a97d-d965ccfc6d4b" outcome="Passed" testListId="8c84fa94-04c1-424b-9868-57a2d4851a1d" relativeResultsDirectory="b9e2f76c-80a9-4a37-82c7-17874e6e6428" />
    <UnitTestResult executionId="42550e7e-887f-4996-a9be-abff010c2d4a" testId="d2b9019d-8108-da25-a668-6adafd0f7d8a" testName="Deactivate_ShouldSetIsActiveToFalse" computerName="WIN-2DIK63C7G4T" duration="00:00:00.0001290" startTime="2025-10-30T14:26:47.3115879-04:00" endTime="2025-10-30T14:26:47.3117167-04:00" testType="13cdc9d9-ddb5-4fa4-a97d-d965ccfc6d4b" outcome="Passed" testListId="8c84fa94-04c1-424b-9868-57a2d4851a1d" relativeResultsDirectory="42550e7e-887f-4996-a9be-abff010c2d4a" />
    <UnitTestResult executionId="10e48c2b-94c8-4744-89bc-40fc0326adbc" testId="dedf778e-7166-e4f2-1b9e-0eca5b31ac54" testName="Create_WithInvalidEmailFormats_ShouldThrowArgumentException(&quot;user@domain com&quot;)" computerName="WIN-2DIK63C7G4T" duration="00:00:00.0000330" startTime="2025-10-30T14:26:47.3419133-04:00" endTime="2025-10-30T14:26:47.3419461-04:00" testType="13cdc9d9-ddb5-4fa4-a97d-d965ccfc6d4b" outcome="Passed" testListId="8c84fa94-04c1-424b-9868-57a2d4851a1d" relativeResultsDirectory="10e48c2b-94c8-4744-89bc-40fc0326adbc" />
    <UnitTestResult executionId="00f4ede8-a2c9-42e9-8ffa-b73bea990c69" testId="f0fb914f-a187-eb6f-2355-ca3f6bcdc3e7" testName="AddDomainEvent_ShouldAddEventToList" computerName="WIN-2DIK63C7G4T" duration="00:00:00.0012960" startTime="2025-10-30T14:26:47.2973198-04:00" endTime="2025-10-30T14:26:47.2986157-04:00" testType="13cdc9d9-ddb5-4fa4-a97d-d965ccfc6d4b" outcome="Passed" testListId="8c84fa94-04c1-424b-9868-57a2d4851a1d" relativeResultsDirectory="00f4ede8-a2c9-42e9-8ffa-b73bea990c69" />
    <UnitTestResult executionId="dc007081-ebae-472d-81f8-7912224e27a9" testId="45f660a0-a0ed-3579-d22e-39635ed45503" testName="Constructor_WithEmptyFirstName_ShouldThrowArgumentException" computerName="WIN-2DIK63C7G4T" duration="00:00:00.0002010" startTime="2025-10-30T14:26:47.3105389-04:00" endTime="2025-10-30T14:26:47.3107401-04:00" testType="13cdc9d9-ddb5-4fa4-a97d-d965ccfc6d4b" outcome="Passed" testListId="8c84fa94-04c1-424b-9868-57a2d4851a1d" relativeResultsDirectory="dc007081-ebae-472d-81f8-7912224e27a9" />
    <UnitTestResult executionId="a9956fb6-1154-4d65-9eb9-feb908412bd5" testId="f12fa6f7-531f-9ad8-dbf8-96db98763812" testName="Equals_WithSameId_ShouldReturnTrue" computerName="WIN-2DIK63C7G4T" duration="00:00:00.0000840" startTime="2025-10-30T14:26:47.3117238-04:00" endTime="2025-10-30T14:26:47.3118076-04:00" testType="13cdc9d9-ddb5-4fa4-a97d-d965ccfc6d4b" outcome="Passed" testListId="8c84fa94-04c1-424b-9868-57a2d4851a1d" relativeResultsDirectory="a9956fb6-1154-4d65-9eb9-feb908412bd5" />
    <UnitTestResult executionId="c7c440fd-2e6f-4a31-8590-e39172f1667f" testId="2bbcfbe8-a2ce-d05c-a8e7-de6c2c5b177e" testName="Succeed_ShouldSetStatusToSucceeded" computerName="WIN-2DIK63C7G4T" duration="00:00:00.0001299" startTime="2025-10-30T14:26:47.3051582-04:00" endTime="2025-10-30T14:26:47.3052876-04:00" testType="13cdc9d9-ddb5-4fa4-a97d-d965ccfc6d4b" outcome="Passed" testListId="8c84fa94-04c1-424b-9868-57a2d4851a1d" relativeResultsDirectory="c7c440fd-2e6f-4a31-8590-e39172f1667f" />
    <UnitTestResult executionId="569575c8-db01-45f1-9a9e-dabd51848f3b" testId="26a74723-c739-96a0-6be5-999d2bc9168b" testName="MarkAsExpired_Should_Change_Status_To_Expired" computerName="WIN-2DIK63C7G4T" duration="00:00:00.0001990" startTime="2025-10-30T14:26:47.3223359-04:00" endTime="2025-10-30T14:26:47.3225343-04:00" testType="13cdc9d9-ddb5-4fa4-a97d-d965ccfc6d4b" outcome="Passed" testListId="8c84fa94-04c1-424b-9868-57a2d4851a1d" relativeResultsDirectory="569575c8-db01-45f1-9a9e-dabd51848f3b" />
    <UnitTestResult executionId="57c03191-53c5-4331-8d41-4c135a1d0e98" testId="93912c3e-51b8-b890-decc-5157fcc4e300" testName="Handle_WithEmptyPlanId_ShouldThrowArgumentException" computerName="WIN-2DIK63C7G4T" duration="00:00:00.0006820" startTime="2025-10-30T14:26:47.2703658-04:00" endTime="2025-10-30T14:26:47.2710472-04:00" testType="13cdc9d9-ddb5-4fa4-a97d-d965ccfc6d4b" outcome="Passed" testListId="8c84fa94-04c1-424b-9868-57a2d4851a1d" relativeResultsDirectory="57c03191-53c5-4331-8d41-4c135a1d0e98" />
    <UnitTestResult executionId="5bd51209-4288-4c13-86f3-eb5083d199ec" testId="fdb32ad0-7673-b710-a94f-a982b67cfae1" testName="Constructor_WithNullAmount_ShouldThrowArgumentNullException" computerName="WIN-2DIK63C7G4T" duration="00:00:00.0002460" startTime="2025-10-30T14:26:47.3011569-04:00" endTime="2025-10-30T14:26:47.3014032-04:00" testType="13cdc9d9-ddb5-4fa4-a97d-d965ccfc6d4b" outcome="Passed" testListId="8c84fa94-04c1-424b-9868-57a2d4851a1d" relativeResultsDirectory="5bd51209-4288-4c13-86f3-eb5083d199ec" />
    <UnitTestResult executionId="55ff1d7c-7df4-4b62-a668-c15301690441" testId="49def932-0bfc-e3f0-2298-2471279c9caf" testName="Terminate_Should_Fail_With_Empty_Reason" computerName="WIN-2DIK63C7G4T" duration="00:00:00.0000910" startTime="2025-10-30T14:26:47.3233999-04:00" endTime="2025-10-30T14:26:47.3234907-04:00" testType="13cdc9d9-ddb5-4fa4-a97d-d965ccfc6d4b" outcome="Passed" testListId="8c84fa94-04c1-424b-9868-57a2d4851a1d" relativeResultsDirectory="55ff1d7c-7df4-4b62-a668-c15301690441" />
    <UnitTestResult executionId="f801e6a0-8586-45ce-a618-b08c99714e6b" testId="cdfc63d0-81e5-ffaa-cbe2-e2215567fc75" testName="Fail_WithNullFailureReason_ShouldThrowArgumentException" computerName="WIN-2DIK63C7G4T" duration="00:00:00.0001360" startTime="2025-10-30T14:26:47.3039466-04:00" endTime="2025-10-30T14:26:47.3040823-04:00" testType="13cdc9d9-ddb5-4fa4-a97d-d965ccfc6d4b" outcome="Passed" testListId="8c84fa94-04c1-424b-9868-57a2d4851a1d" relativeResultsDirectory="f801e6a0-8586-45ce-a618-b08c99714e6b" />
    <UnitTestResult executionId="9478872f-1795-4c43-987e-1b6e5f51788d" testId="78d13441-7e43-d7f6-846e-13e8b2ea382f" testName="Handle_WithNullPaymentMethodId_ShouldCallPaymentService" computerName="WIN-2DIK63C7G4T" duration="00:00:00.0027310" startTime="2025-10-30T14:26:47.2723284-04:00" endTime="2025-10-30T14:26:47.2750589-04:00" testType="13cdc9d9-ddb5-4fa4-a97d-d965ccfc6d4b" outcome="Passed" testListId="8c84fa94-04c1-424b-9868-57a2d4851a1d" relativeResultsDirectory="9478872f-1795-4c43-987e-1b6e5f51788d" />
    <UnitTestResult executionId="dd627b8d-4e62-4b1f-8a03-99ae2f54eac1" testId="0c7a8dfb-24dc-b7fb-a5f7-15a18adb91fb" testName="Handle_WithCancellationToken_ShouldPassTokenToService" computerName="WIN-2DIK63C7G4T" duration="00:00:00.0013590" startTime="2025-10-30T14:26:47.2866024-04:00" endTime="2025-10-30T14:26:47.2879601-04:00" testType="13cdc9d9-ddb5-4fa4-a97d-d965ccfc6d4b" outcome="Passed" testListId="8c84fa94-04c1-424b-9868-57a2d4851a1d" relativeResultsDirectory="dd627b8d-4e62-4b1f-8a03-99ae2f54eac1" />
    <UnitTestResult executionId="4f96864f-9526-425a-94da-5f532532c226" testId="8f8374b0-50f2-3b8a-58d0-fb2b02d8fdfc" testName="Create_WithInvalidEmailFormats_ShouldThrowArgumentException(&quot;user@.domain.com&quot;)" computerName="WIN-2DIK63C7G4T" duration="00:00:00.0000320" startTime="2025-10-30T14:26:47.3418160-04:00" endTime="2025-10-30T14:26:47.3418477-04:00" testType="13cdc9d9-ddb5-4fa4-a97d-d965ccfc6d4b" outcome="Passed" testListId="8c84fa94-04c1-424b-9868-57a2d4851a1d" relativeResultsDirectory="4f96864f-9526-425a-94da-5f532532c226" />
    <UnitTestResult executionId="7c6874f7-bcb2-4a2a-9418-610dce477c19" testId="849b980e-8710-3d61-b251-0f9ef2db74e2" testName="Handle_WithValidCommand_ShouldReturnPayment" computerName="WIN-2DIK63C7G4T" duration="00:00:00.0031100" startTime="2025-10-30T14:26:47.2926790-04:00" endTime="2025-10-30T14:26:47.2957891-04:00" testType="13cdc9d9-ddb5-4fa4-a97d-d965ccfc6d4b" outcome="Passed" testListId="8c84fa94-04c1-424b-9868-57a2d4851a1d" relativeResultsDirectory="7c6874f7-bcb2-4a2a-9418-610dce477c19" />
    <UnitTestResult executionId="068df680-6342-4ee1-a344-c2112a15e217" testId="ac5204a0-6fc3-ef10-0920-5d491a8c2504" testName="AttachPayment_Should_Set_Payment_Id" computerName="WIN-2DIK63C7G4T" duration="00:00:00.0001730" startTime="2025-10-30T14:26:47.3371231-04:00" endTime="2025-10-30T14:26:47.3372957-04:00" testType="13cdc9d9-ddb5-4fa4-a97d-d965ccfc6d4b" outcome="Passed" testListId="8c84fa94-04c1-424b-9868-57a2d4851a1d" relativeResultsDirectory="068df680-6342-4ee1-a344-c2112a15e217" />
    <UnitTestResult executionId="e7354533-ac34-4a2b-9c16-dc32f5848911" testId="bb505f93-d196-5e9b-0c12-fc96f83ebfe6" testName="ClearDomainEvents_ShouldRemoveAllEvents" computerName="WIN-2DIK63C7G4T" duration="00:00:00.0011260" startTime="2025-10-30T14:26:47.2994275-04:00" endTime="2025-10-30T14:26:47.3005530-04:00" testType="13cdc9d9-ddb5-4fa4-a97d-d965ccfc6d4b" outcome="Passed" testListId="8c84fa94-04c1-424b-9868-57a2d4851a1d" relativeResultsDirectory="e7354533-ac34-4a2b-9c16-dc32f5848911" />
    <UnitTestResult executionId="97534db1-3a4d-4586-a5d7-6d8594643b3b" testId="0e2c9631-7205-efc4-0bb9-26924c7f03e2" testName="Renew_Should_Create_New_Lease_And_Mark_Current_As_Renewed" computerName="WIN-2DIK63C7G4T" duration="00:00:00.0003720" startTime="2025-10-30T14:26:47.3225434-04:00" endTime="2025-10-30T14:26:47.3229157-04:00" testType="13cdc9d9-ddb5-4fa4-a97d-d965ccfc6d4b" outcome="Passed" testListId="8c84fa94-04c1-424b-9868-57a2d4851a1d" relativeResultsDirectory="97534db1-3a4d-4586-a5d7-6d8594643b3b" />
    <UnitTestResult executionId="beab2ac0-be70-47aa-b24a-b3785aa1e855" testId="360d85b4-7100-9a92-567a-faf0e34f0141" testName="Constructor_WithGoogleId_ShouldCreateUser" computerName="WIN-2DIK63C7G4T" duration="00:00:00.0002010" startTime="2025-10-30T14:26:47.3108743-04:00" endTime="2025-10-30T14:26:47.3110747-04:00" testType="13cdc9d9-ddb5-4fa4-a97d-d965ccfc6d4b" outcome="Passed" testListId="8c84fa94-04c1-424b-9868-57a2d4851a1d" relativeResultsDirectory="beab2ac0-be70-47aa-b24a-b3785aa1e855" />
    <UnitTestResult executionId="702eec21-09e1-4d12-8928-a41f997930b3" testId="2699a1b3-b048-b3de-3454-ebb0a1d8d9a4" testName="Constructor_WithNullFirstName_ShouldThrowArgumentException" computerName="WIN-2DIK63C7G4T" duration="00:00:00.0001090" startTime="2025-10-30T14:26:47.3112105-04:00" endTime="2025-10-30T14:26:47.3113196-04:00" testType="13cdc9d9-ddb5-4fa4-a97d-d965ccfc6d4b" outcome="Passed" testListId="8c84fa94-04c1-424b-9868-57a2d4851a1d" relativeResultsDirectory="702eec21-09e1-4d12-8928-a41f997930b3" />
    <UnitTestResult executionId="4a950e43-4b52-43e3-8c26-a9a9f27a0d18" testId="9ec95b10-4a00-0eeb-9902-660e6fba9ac1" testName="AddImage_Should_Add_Image_To_List" computerName="WIN-2DIK63C7G4T" duration="00:00:00.0001240" startTime="2025-10-30T14:26:47.3397040-04:00" endTime="2025-10-30T14:26:47.3398284-04:00" testType="13cdc9d9-ddb5-4fa4-a97d-d965ccfc6d4b" outcome="Passed" testListId="8c84fa94-04c1-424b-9868-57a2d4851a1d" relativeResultsDirectory="4a950e43-4b52-43e3-8c26-a9a9f27a0d18" />
    <UnitTestResult executionId="143577db-736b-4789-bb8a-c215985998c7" testId="64c9a58c-a73b-3899-21da-2baa3f864841" testName="Equals_WithDifferentEmail_ShouldReturnFalse" computerName="WIN-2DIK63C7G4T" duration="00:00:00.0001330" startTime="2025-10-30T14:26:47.3425058-04:00" endTime="2025-10-30T14:26:47.3426387-04:00" testType="13cdc9d9-ddb5-4fa4-a97d-d965ccfc6d4b" outcome="Passed" testListId="8c84fa94-04c1-424b-9868-57a2d4851a1d" relativeResultsDirectory="143577db-736b-4789-bb8a-c215985998c7" />
    <UnitTestResult executionId="7620bf4a-70bc-4c80-828f-08362da94c50" testId="6e5a5271-08b1-4a2d-b451-34471f0bad45" testName="Create_WithInvalidEmailFormats_ShouldThrowArgumentException(&quot;invalid-email&quot;)" computerName="WIN-2DIK63C7G4T" duration="00:00:00.0002130" startTime="2025-10-30T14:26:47.3412363-04:00" endTime="2025-10-30T14:26:47.3414496-04:00" testType="13cdc9d9-ddb5-4fa4-a97d-d965ccfc6d4b" outcome="Passed" testListId="8c84fa94-04c1-424b-9868-57a2d4851a1d" relativeResultsDirectory="7620bf4a-70bc-4c80-828f-08362da94c50" />
    <UnitTestResult executionId="7297a84d-5124-4619-b5a1-c4013b7e08f5" testId="b451958a-7d65-936d-ccd0-13acd2ac8859" testName="Create_WithValidEmailFormats_ShouldCreateEmail(&quot;user123@domain123.com&quot;)" computerName="WIN-2DIK63C7G4T" duration="00:00:00.0000060" startTime="2025-10-30T14:26:47.3423091-04:00" endTime="2025-10-30T14:26:47.3423149-04:00" testType="13cdc9d9-ddb5-4fa4-a97d-d965ccfc6d4b" outcome="Passed" testListId="8c84fa94-04c1-424b-9868-57a2d4851a1d" relativeResultsDirectory="7297a84d-5124-4619-b5a1-c4013b7e08f5" />
    <UnitTestResult executionId="02f4e7c9-5e3e-47b0-b149-bbd4cd9461f2" testId="0f50d9fd-0ef1-ef11-2f9c-2874e13838c9" testName="SetGoogleId_ShouldUpdateGoogleId" computerName="WIN-2DIK63C7G4T" duration="00:00:00.0000600" startTime="2025-10-30T14:26:47.3120764-04:00" endTime="2025-10-30T14:26:47.3121364-04:00" testType="13cdc9d9-ddb5-4fa4-a97d-d965ccfc6d4b" outcome="Passed" testListId="8c84fa94-04c1-424b-9868-57a2d4851a1d" relativeResultsDirectory="02f4e7c9-5e3e-47b0-b149-bbd4cd9461f2" />
    <UnitTestResult executionId="4bc9caf0-a514-4827-8ebe-a80c93b8535e" testId="b605fcbd-9048-13d5-4faa-85bc2c92f431" testName="Create_WithValidEmailFormats_ShouldCreateEmail(&quot;user_name@domain.com&quot;)" computerName="WIN-2DIK63C7G4T" duration="00:00:00.0000020" startTime="2025-10-30T14:26:47.3423310-04:00" endTime="2025-10-30T14:26:47.3423329-04:00" testType="13cdc9d9-ddb5-4fa4-a97d-d965ccfc6d4b" outcome="Passed" testListId="8c84fa94-04c1-424b-9868-57a2d4851a1d" relativeResultsDirectory="4bc9caf0-a514-4827-8ebe-a80c93b8535e" />
    <UnitTestResult executionId="44cbe487-c39e-48dc-a204-8ef2969e6ae5" testId="731f876f-f1d1-90de-63d8-1210ae84dbe9" testName="UpdateProfile_WithNullProfilePictureUrl_ShouldUpdateUser" computerName="WIN-2DIK63C7G4T" duration="00:00:00.0000560" startTime="2025-10-30T14:26:47.3121384-04:00" endTime="2025-10-30T14:26:47.3121947-04:00" testType="13cdc9d9-ddb5-4fa4-a97d-d965ccfc6d4b" outcome="Passed" testListId="8c84fa94-04c1-424b-9868-57a2d4851a1d" relativeResultsDirectory="44cbe487-c39e-48dc-a204-8ef2969e6ae5" />
    <UnitTestResult executionId="fbeb5df5-96dc-4907-bc94-c603836b3e43" testId="ea54348c-c819-6f9c-52bd-a23de89b8551" testName="GetHashCode_WithDifferentAmount_ShouldReturnDifferentHashCode" computerName="WIN-2DIK63C7G4T" duration="00:00:00.0000920" startTime="2025-10-30T14:26:47.3450905-04:00" endTime="2025-10-30T14:26:47.3451823-04:00" testType="13cdc9d9-ddb5-4fa4-a97d-d965ccfc6d4b" outcome="Passed" testListId="8c84fa94-04c1-424b-9868-57a2d4851a1d" relativeResultsDirectory="fbeb5df5-96dc-4907-bc94-c603836b3e43" />
    <UnitTestResult executionId="71f6a585-e310-4e6f-a2bc-339ba4f8e74b" testId="f527abd9-7ab8-21e8-f347-68d2a8c51c6d" testName="Handle_WithEmptyCurrency_ShouldThrowArgumentException" computerName="WIN-2DIK63C7G4T" duration="00:00:00.0006290" startTime="2025-10-30T14:26:47.2879710-04:00" endTime="2025-10-30T14:26:47.2885998-04:00" testType="13cdc9d9-ddb5-4fa4-a97d-d965ccfc6d4b" outcome="Passed" testListId="8c84fa94-04c1-424b-9868-57a2d4851a1d" relativeResultsDirectory="71f6a585-e310-4e6f-a2bc-339ba4f8e74b" />
    <UnitTestResult executionId="9ca626b3-dbb0-4fee-a9f3-f0c03da30143" testId="62c3b62f-d433-d1a2-d8bc-ccb4dbd4b188" testName="Constructor_WithEmptyUserId_ShouldThrowArgumentException" computerName="WIN-2DIK63C7G4T" duration="00:00:00.0005770" startTime="2025-10-30T14:26:47.3005681-04:00" endTime="2025-10-30T14:26:47.3011448-04:00" testType="13cdc9d9-ddb5-4fa4-a97d-d965ccfc6d4b" outcome="Passed" testListId="8c84fa94-04c1-424b-9868-57a2d4851a1d" relativeResultsDirectory="9ca626b3-dbb0-4fee-a9f3-f0c03da30143" />
    <UnitTestResult executionId="1176d848-8a27-40b1-be90-03843a0a02fc" testId="1e375716-3e78-73be-8d2b-2d780090e3e6" testName="SetStripePaymentIntentId_ShouldSetPaymentIntentId" computerName="WIN-2DIK63C7G4T" duration="00:00:00.0001090" startTime="2025-10-30T14:26:47.3050458-04:00" endTime="2025-10-30T14:26:47.3051550-04:00" testType="13cdc9d9-ddb5-4fa4-a97d-d965ccfc6d4b" outcome="Passed" testListId="8c84fa94-04c1-424b-9868-57a2d4851a1d" relativeResultsDirectory="1176d848-8a27-40b1-be90-03843a0a02fc" />
    <UnitTestResult executionId="35146a6c-e191-4ad8-9497-6865ed6bdbd9" testId="15d6b15d-282d-1535-7ae7-80c85839f97b" testName="Constructor_WithValidParameters_ShouldCreateUser" computerName="WIN-2DIK63C7G4T" duration="00:00:00.0001600" startTime="2025-10-30T14:26:47.3114195-04:00" endTime="2025-10-30T14:26:47.3115796-04:00" testType="13cdc9d9-ddb5-4fa4-a97d-d965ccfc6d4b" outcome="Passed" testListId="8c84fa94-04c1-424b-9868-57a2d4851a1d" relativeResultsDirectory="35146a6c-e191-4ad8-9497-6865ed6bdbd9" />
    <UnitTestResult executionId="48515732-6b54-4a0f-810d-a4f2955769fb" testId="6e00e717-a922-56fb-6b19-681e35ed52eb" testName="Constructor_WithEmptyLastName_ShouldThrowArgumentException" computerName="WIN-2DIK63C7G4T" duration="00:00:00.0001180" startTime="2025-10-30T14:26:47.3107498-04:00" endTime="2025-10-30T14:26:47.3108674-04:00" testType="13cdc9d9-ddb5-4fa4-a97d-d965ccfc6d4b" outcome="Passed" testListId="8c84fa94-04c1-424b-9868-57a2d4851a1d" relativeResultsDirectory="48515732-6b54-4a0f-810d-a4f2955769fb" />
    <UnitTestResult executionId="ad38d971-3243-4cf8-bdf9-0a6157ce5119" testId="f574ac12-3b55-be85-2f71-d51a33ca6b83" testName="ClearDomainEvents_ShouldRemoveAllEvents" computerName="WIN-2DIK63C7G4T" duration="00:00:00.0001000" startTime="2025-10-30T14:26:47.3104361-04:00" endTime="2025-10-30T14:26:47.3105360-04:00" testType="13cdc9d9-ddb5-4fa4-a97d-d965ccfc6d4b" outcome="Passed" testListId="8c84fa94-04c1-424b-9868-57a2d4851a1d" relativeResultsDirectory="ad38d971-3243-4cf8-bdf9-0a6157ce5119" />
    <UnitTestResult executionId="95dff889-de03-4d1b-8ece-76dcd3b3f820" testId="12dc0121-3664-1104-ffd7-1a474b25eb00" testName="AttachApplication_Should_Set_PropertyApplicationId" computerName="WIN-2DIK63C7G4T" duration="00:00:00.0004350" startTime="2025-10-30T14:26:47.3174224-04:00" endTime="2025-10-30T14:26:47.3178569-04:00" testType="13cdc9d9-ddb5-4fa4-a97d-d965ccfc6d4b" outcome="Passed" testListId="8c84fa94-04c1-424b-9868-57a2d4851a1d" relativeResultsDirectory="95dff889-de03-4d1b-8ece-76dcd3b3f820" />
    <UnitTestResult executionId="03c7a8a2-d2b9-4efa-93d9-a2444f34ce8f" testId="e4b0a19a-d682-f3a5-acee-fb0c27fc5524" testName="Activate_ShouldSetIsActiveToTrue" computerName="WIN-2DIK63C7G4T" duration="00:00:00.0046540" startTime="2025-10-30T14:26:47.3053620-04:00" endTime="2025-10-30T14:26:47.3100161-04:00" testType="13cdc9d9-ddb5-4fa4-a97d-d965ccfc6d4b" outcome="Passed" testListId="8c84fa94-04c1-424b-9868-57a2d4851a1d" relativeResultsDirectory="03c7a8a2-d2b9-4efa-93d9-a2444f34ce8f" />
    <UnitTestResult executionId="f4c55ce6-1fe2-4453-adcd-0b000a1dac95" testId="e37faa4e-c202-f208-88d6-44222545e8da" testName="Property_Creation_Should_Set_Properties_Correctly" computerName="WIN-2DIK63C7G4T" duration="00:00:00.0005770" startTime="2025-10-30T14:26:47.3401717-04:00" endTime="2025-10-30T14:26:47.3407489-04:00" testType="13cdc9d9-ddb5-4fa4-a97d-d965ccfc6d4b" outcome="Passed" testListId="8c84fa94-04c1-424b-9868-57a2d4851a1d" relativeResultsDirectory="f4c55ce6-1fe2-4453-adcd-0b000a1dac95" />
    <UnitTestResult executionId="ee0072aa-678e-4d7d-badb-0324026ba63d" testId="e38dc0a6-2b73-20ac-cce0-0fcb51b8093f" testName="Create_WithValidEmailFormats_ShouldCreateEmail(&quot;user+tag@domain.com&quot;)" computerName="WIN-2DIK63C7G4T" duration="00:00:00.0000030" startTime="2025-10-30T14:26:47.3423048-04:00" endTime="2025-10-30T14:26:47.3423076-04:00" testType="13cdc9d9-ddb5-4fa4-a97d-d965ccfc6d4b" outcome="Passed" testListId="8c84fa94-04c1-424b-9868-57a2d4851a1d" relativeResultsDirectory="ee0072aa-678e-4d7d-badb-0324026ba63d" />
    <UnitTestResult executionId="42e6b040-c159-4b7b-b2c1-73093a775e06" testId="58c1991b-f710-44e9-d76e-7bc36d9ec5ef" testName="UpdateApplicationFee_Should_Set_Application_Fee" computerName="WIN-2DIK63C7G4T" duration="00:00:00.0000749" startTime="2025-10-30T14:26:47.3407608-04:00" endTime="2025-10-30T14:26:47.3408356-04:00" testType="13cdc9d9-ddb5-4fa4-a97d-d965ccfc6d4b" outcome="Passed" testListId="8c84fa94-04c1-424b-9868-57a2d4851a1d" relativeResultsDirectory="42e6b040-c159-4b7b-b2c1-73093a775e06" />
    <UnitTestResult executionId="4c8c8cdb-3a1f-4507-b108-646174afabe5" testId="b30572e7-faec-b8e5-001d-4e65bb6931cc" testName="Handle_WhenSubscriptionNotFoundInUserSubscriptions_ShouldThrowInvalidOperationException" computerName="WIN-2DIK63C7G4T" duration="00:00:00.0016100" startTime="2025-10-30T14:26:47.2659682-04:00" endTime="2025-10-30T14:26:47.2675779-04:00" testType="13cdc9d9-ddb5-4fa4-a97d-d965ccfc6d4b" outcome="Passed" testListId="8c84fa94-04c1-424b-9868-57a2d4851a1d" relativeResultsDirectory="4c8c8cdb-3a1f-4507-b108-646174afabe5" />
    <UnitTestResult executionId="e243c56c-1103-469f-96ed-c12dd32b8f31" testId="a6397aa9-ed6c-7f2a-db89-4cf4fdc96d6e" testName="MarkAsRented_Should_Change_Status_To_Rented" computerName="WIN-2DIK63C7G4T" duration="00:00:00.0000370" startTime="2025-10-30T14:26:47.3400950-04:00" endTime="2025-10-30T14:26:47.3401323-04:00" testType="13cdc9d9-ddb5-4fa4-a97d-d965ccfc6d4b" outcome="Passed" testListId="8c84fa94-04c1-424b-9868-57a2d4851a1d" relativeResultsDirectory="e243c56c-1103-469f-96ed-c12dd32b8f31" />
    <UnitTestResult executionId="19776d72-ead0-46c1-bf6d-acd985ef3ca3" testId="bb73e109-5a82-5b35-03c9-7ca2b7a3674f" testName="GetHashCode_ShouldReturnConsistentValue" computerName="WIN-2DIK63C7G4T" duration="00:00:00.0002940" startTime="2025-10-30T14:26:47.3040860-04:00" endTime="2025-10-30T14:26:47.3043797-04:00" testType="13cdc9d9-ddb5-4fa4-a97d-d965ccfc6d4b" outcome="Passed" testListId="8c84fa94-04c1-424b-9868-57a2d4851a1d" relativeResultsDirectory="19776d72-ead0-46c1-bf6d-acd985ef3ca3" />
    <UnitTestResult executionId="00b2d031-dde9-4542-b316-91f1decafd1f" testId="07b08c66-065d-5e5a-241f-7aa6cf4f584b" testName="Constructor_WithNullDescription_ShouldCreatePayment" computerName="WIN-2DIK63C7G4T" duration="00:00:00.0000790" startTime="2025-10-30T14:26:47.3014147-04:00" endTime="2025-10-30T14:26:47.3014942-04:00" testType="13cdc9d9-ddb5-4fa4-a97d-d965ccfc6d4b" outcome="Passed" testListId="8c84fa94-04c1-424b-9868-57a2d4851a1d" relativeResultsDirectory="00b2d031-dde9-4542-b316-91f1decafd1f" />
    <UnitTestResult executionId="d8a1a6dd-2deb-441f-88fa-6ad7046c34b9" testId="2774be65-340a-f6aa-d7e2-f6618837db2e" testName="AddAmenity_Should_Add_Amenity_To_List" computerName="WIN-2DIK63C7G4T" duration="00:00:00.0009500" startTime="2025-10-30T14:26:47.3387418-04:00" endTime="2025-10-30T14:26:47.3396917-04:00" testType="13cdc9d9-ddb5-4fa4-a97d-d965ccfc6d4b" outcome="Passed" testListId="8c84fa94-04c1-424b-9868-57a2d4851a1d" relativeResultsDirectory="d8a1a6dd-2deb-441f-88fa-6ad7046c34b9" />
    <UnitTestResult executionId="ae2686a8-436a-41ee-a4d5-2b7819e9faab" testId="237ff452-2de3-acad-8e65-0a369b399d01" testName="Renew_Should_Update_Monthly_Rent_If_Provided" computerName="WIN-2DIK63C7G4T" duration="00:00:00.0000820" startTime="2025-10-30T14:26:47.3229256-04:00" endTime="2025-10-30T14:26:47.3230080-04:00" testType="13cdc9d9-ddb5-4fa4-a97d-d965ccfc6d4b" outcome="Passed" testListId="8c84fa94-04c1-424b-9868-57a2d4851a1d" relativeResultsDirectory="ae2686a8-436a-41ee-a4d5-2b7819e9faab" />
    <UnitTestResult executionId="54c62e44-d12a-49d8-be37-638518ccc686" testId="77ad8076-83cb-a0b4-6270-95907dfc46ff" testName="Create_WithInvalidEmailFormats_ShouldThrowArgumentException(&quot;user@domain&quot;)" computerName="WIN-2DIK63C7G4T" duration="00:00:00.0000390" startTime="2025-10-30T14:26:47.3417082-04:00" endTime="2025-10-30T14:26:47.3417470-04:00" testType="13cdc9d9-ddb5-4fa4-a97d-d965ccfc6d4b" outcome="Passed" testListId="8c84fa94-04c1-424b-9868-57a2d4851a1d" relativeResultsDirectory="54c62e44-d12a-49d8-be37-638518ccc686" />
    <UnitTestResult executionId="5346097a-3dab-4a32-b9d6-e165c8c57652" testId="05953726-7622-3cb1-3b42-2da4f57eb185" testName="Create_WithNullCurrency_ShouldThrowArgumentException" computerName="WIN-2DIK63C7G4T" duration="00:00:00.0004610" startTime="2025-10-30T14:26:47.3438977-04:00" endTime="2025-10-30T14:26:47.3443586-04:00" testType="13cdc9d9-ddb5-4fa4-a97d-d965ccfc6d4b" outcome="Passed" testListId="8c84fa94-04c1-424b-9868-57a2d4851a1d" relativeResultsDirectory="5346097a-3dab-4a32-b9d6-e165c8c57652" />
    <UnitTestResult executionId="6c5a8d7a-e10f-4706-9999-ffbe074a2820" testId="c40f4dfb-7ccc-36df-b35e-567de94480ca" testName="ImplicitConversion_ToString_ShouldReturnEmailValue" computerName="WIN-2DIK63C7G4T" duration="00:00:00.0000380" startTime="2025-10-30T14:26:47.3429325-04:00" endTime="2025-10-30T14:26:47.3429702-04:00" testType="13cdc9d9-ddb5-4fa4-a97d-d965ccfc6d4b" outcome="Passed" testListId="8c84fa94-04c1-424b-9868-57a2d4851a1d" relativeResultsDirectory="6c5a8d7a-e10f-4706-9999-ffbe074a2820" />
    <UnitTestResult executionId="3e68dee3-5b6a-4aea-818f-fc09c8a25f6a" testId="48447c53-45c1-0aea-046d-3a68c5b4297a" testName="Create_WithInvalidEmailFormats_ShouldThrowArgumentException(&quot;user@&quot;)" computerName="WIN-2DIK63C7G4T" duration="00:00:00.0000430" startTime="2025-10-30T14:26:47.3416627-04:00" endTime="2025-10-30T14:26:47.3417059-04:00" testType="13cdc9d9-ddb5-4fa4-a97d-d965ccfc6d4b" outcome="Passed" testListId="8c84fa94-04c1-424b-9868-57a2d4851a1d" relativeResultsDirectory="3e68dee3-5b6a-4aea-818f-fc09c8a25f6a" />
    <UnitTestResult executionId="af3f22e5-2695-4f14-a0a1-29b3fea18396" testId="539b47eb-deed-d3cf-c484-3d3969a4375d" testName="Constructor_WithValidParameters_ShouldCreatePayment" computerName="WIN-2DIK63C7G4T" duration="00:00:00.0006630" startTime="2025-10-30T14:26:47.3014968-04:00" endTime="2025-10-30T14:26:47.3021591-04:00" testType="13cdc9d9-ddb5-4fa4-a97d-d965ccfc6d4b" outcome="Passed" testListId="8c84fa94-04c1-424b-9868-57a2d4851a1d" relativeResultsDirectory="af3f22e5-2695-4f14-a0a1-29b3fea18396" />
    <UnitTestResult executionId="abbdfea0-987e-4bcd-a2dc-282541c1c225" testId="8aac619d-8ff3-cdb8-4452-86d32ae8ab72" testName="UpdateProfile_WithValidParameters_ShouldUpdateUser" computerName="WIN-2DIK63C7G4T" duration="00:00:00.0000860" startTime="2025-10-30T14:26:47.3121966-04:00" endTime="2025-10-30T14:26:47.3122820-04:00" testType="13cdc9d9-ddb5-4fa4-a97d-d965ccfc6d4b" outcome="Passed" testListId="8c84fa94-04c1-424b-9868-57a2d4851a1d" relativeResultsDirectory="abbdfea0-987e-4bcd-a2dc-282541c1c225" />
    <UnitTestResult executionId="4e84e9f1-76ee-4c19-9781-6c748c673d2f" testId="806929d8-7f2a-3264-20e0-3b0ffa05c139" testName="Create_WithInvalidEmailFormats_ShouldThrowArgumentException(&quot;@domain.com&quot;)" computerName="WIN-2DIK63C7G4T" duration="00:00:00.0001960" startTime="2025-10-30T14:26:47.3414585-04:00" endTime="2025-10-30T14:26:47.3416544-04:00" testType="13cdc9d9-ddb5-4fa4-a97d-d965ccfc6d4b" outcome="Passed" testListId="8c84fa94-04c1-424b-9868-57a2d4851a1d" relativeResultsDirectory="4e84e9f1-76ee-4c19-9781-6c748c673d2f" />
    <UnitTestResult executionId="5db83180-2f7f-47d8-8707-bdc0be405ecb" testId="968e1e40-7904-e821-109e-c8bafbcc8959" testName="AddDomainEvent_ShouldAddEventToList" computerName="WIN-2DIK63C7G4T" duration="00:00:00.0003940" startTime="2025-10-30T14:26:47.3100314-04:00" endTime="2025-10-30T14:26:47.3104255-04:00" testType="13cdc9d9-ddb5-4fa4-a97d-d965ccfc6d4b" outcome="Passed" testListId="8c84fa94-04c1-424b-9868-57a2d4851a1d" relativeResultsDirectory="5db83180-2f7f-47d8-8707-bdc0be405ecb" />
    <UnitTestResult executionId="590e4784-ee7c-439d-b858-2f6075451bdd" testId="9d0a52d2-f208-12a2-2cb2-95d37d5c967c" testName="Create_WithValidEmailFormats_ShouldCreateEmail(&quot;user@domain.co.uk&quot;)" computerName="WIN-2DIK63C7G4T" duration="00:00:00.0000020" startTime="2025-10-30T14:26:47.3423220-04:00" endTime="2025-10-30T14:26:47.3423241-04:00" testType="13cdc9d9-ddb5-4fa4-a97d-d965ccfc6d4b" outcome="Passed" testListId="8c84fa94-04c1-424b-9868-57a2d4851a1d" relativeResultsDirectory="590e4784-ee7c-439d-b858-2f6075451bdd" />
    <UnitTestResult executionId="606ea6ce-fe06-4d7e-9e96-015547f6ded1" testId="4f7d48e7-2414-a931-4160-ef3cfe3e8689" testName="ToString_WithZeroAmount_ShouldReturnFormattedString" computerName="WIN-2DIK63C7G4T" duration="00:00:00.0000800" startTime="2025-10-30T14:26:47.3463779-04:00" endTime="2025-10-30T14:26:47.3464579-04:00" testType="13cdc9d9-ddb5-4fa4-a97d-d965ccfc6d4b" outcome="Passed" testListId="8c84fa94-04c1-424b-9868-57a2d4851a1d" relativeResultsDirectory="606ea6ce-fe06-4d7e-9e96-015547f6ded1" />
    <UnitTestResult executionId="0def213f-ef58-4070-ace6-cb9bca566a65" testId="a6ddb58e-031f-bd9f-c871-bf3bee2c5fc6" testName="MarkAsAvailable_Should_Change_Status_To_Available" computerName="WIN-2DIK63C7G4T" duration="00:00:00.0002590" startTime="2025-10-30T14:26:47.3398316-04:00" endTime="2025-10-30T14:26:47.3400902-04:00" testType="13cdc9d9-ddb5-4fa4-a97d-d965ccfc6d4b" outcome="Passed" testListId="8c84fa94-04c1-424b-9868-57a2d4851a1d" relativeResultsDirectory="0def213f-ef58-4070-ace6-cb9bca566a65" />
  </Results>
  <TestDefinitions>
    <UnitTest name="SetGoogleId_ShouldUpdateGoogleId" storage="c:\src\rentalmanager\tests\rentalmanager.unittests\bin\debug\net9.0\rentalmanager.unittests.dll" id="0f50d9fd-0ef1-ef11-2f9c-2874e13838c9">
      <Execution id="02f4e7c9-5e3e-47b0-b149-bbd4cd9461f2" />
      <TestMethod codeBase="C:\src\RentalManager\tests\RentalManager.UnitTests\bin\Debug\net9.0\RentalManager.UnitTests.dll" adapterTypeName="executor://nunit3testexecutor/" className="RentalManager.UnitTests.Domain.Entities.UserTests" name="SetGoogleId_ShouldUpdateGoogleId" />
    </UnitTest>
    <UnitTest name="Submit_Should_Set_Status_To_Pending_And_SubmittedAt" storage="c:\src\rentalmanager\tests\rentalmanager.unittests\bin\debug\net9.0\rentalmanager.unittests.dll" id="924522b3-6eb0-76ad-65ec-c64a9c88a412">
      <Execution id="fcc609e0-2112-4cdb-ac46-82db2abbddef" />
      <TestMethod codeBase="C:\src\RentalManager\tests\RentalManager.UnitTests\bin\Debug\net9.0\RentalManager.UnitTests.dll" adapterTypeName="executor://nunit3testexecutor/" className="RentalManager.UnitTests.Domain.PropertyApplicationTests" name="Submit_Should_Set_Status_To_Pending_And_SubmittedAt" />
    </UnitTest>
    <UnitTest name="Handle_WithValidCommand_ShouldReturnSubscription" storage="c:\src\rentalmanager\tests\rentalmanager.unittests\bin\debug\net9.0\rentalmanager.unittests.dll" id="fb7fa44d-b0af-8d33-4572-fc99e01db483">
      <Execution id="4797619a-bb03-4534-b80e-5f17d8f2f4a7" />
      <TestMethod codeBase="C:\src\RentalManager\tests\RentalManager.UnitTests\bin\Debug\net9.0\RentalManager.UnitTests.dll" adapterTypeName="executor://nunit3testexecutor/" className="RentalManager.UnitTests.Application.Commands.CreateSubscriptionCommandHandlerTests" name="Handle_WithValidCommand_ShouldReturnSubscription" />
    </UnitTest>
    <UnitTest name="Subtract_WithSameCurrency_ShouldReturnCorrectDifference" storage="c:\src\rentalmanager\tests\rentalmanager.unittests\bin\debug\net9.0\rentalmanager.unittests.dll" id="e18e1a93-3506-fad6-6b20-7fb3e21be047">
      <Execution id="9794877d-011a-4a38-bb40-386a0f808f99" />
      <TestMethod codeBase="C:\src\RentalManager\tests\RentalManager.UnitTests\bin\Debug\net9.0\RentalManager.UnitTests.dll" adapterTypeName="executor://nunit3testexecutor/" className="RentalManager.UnitTests.Domain.ValueObjects.MoneyTests" name="Subtract_WithSameCurrency_ShouldReturnCorrectDifference" />
    </UnitTest>
    <UnitTest name="ToString_ShouldReturnEmailValue" storage="c:\src\rentalmanager\tests\rentalmanager.unittests\bin\debug\net9.0\rentalmanager.unittests.dll" id="1c0352be-21ee-03cc-8fc7-8b27e85d372c">
      <Execution id="5cce5660-63ec-4903-a8b2-7630b9fe1457" />
      <TestMethod codeBase="C:\src\RentalManager\tests\RentalManager.UnitTests\bin\Debug\net9.0\RentalManager.UnitTests.dll" adapterTypeName="executor://nunit3testexecutor/" className="RentalManager.UnitTests.Domain.ValueObjects.EmailTests" name="ToString_ShouldReturnEmailValue" />
    </UnitTest>
    <UnitTest name="Constructor_WithNullDescription_ShouldCreatePayment" storage="c:\src\rentalmanager\tests\rentalmanager.unittests\bin\debug\net9.0\rentalmanager.unittests.dll" id="07b08c66-065d-5e5a-241f-7aa6cf4f584b">
      <Execution id="00b2d031-dde9-4542-b316-91f1decafd1f" />
      <TestMethod codeBase="C:\src\RentalManager\tests\RentalManager.UnitTests\bin\Debug\net9.0\RentalManager.UnitTests.dll" adapterTypeName="executor://nunit3testexecutor/" className="RentalManager.UnitTests.Domain.Entities.PaymentTests" name="Constructor_WithNullDescription_ShouldCreatePayment" />
    </UnitTest>
    <UnitTest name="Handle_WithNullCurrency_ShouldThrowArgumentException" storage="c:\src\rentalmanager\tests\rentalmanager.unittests\bin\debug\net9.0\rentalmanager.unittests.dll" id="5c3fb4de-fd2b-8bf7-55b0-761ee5a7e069">
      <Execution id="2c4a4525-841a-4cd0-ba78-74b4b5c1ba38" />
      <TestMethod codeBase="C:\src\RentalManager\tests\RentalManager.UnitTests\bin\Debug\net9.0\RentalManager.UnitTests.dll" adapterTypeName="executor://nunit3testexecutor/" className="RentalManager.UnitTests.Application.Commands.CreateSubscriptionCommandHandlerTests" name="Handle_WithNullCurrency_ShouldThrowArgumentException" />
    </UnitTest>
    <UnitTest name="Lease_Creation_Should_Fail_When_EndDate_Before_StartDate" storage="c:\src\rentalmanager\tests\rentalmanager.unittests\bin\debug\net9.0\rentalmanager.unittests.dll" id="57ebc68f-955f-115f-dbe4-08ec03ad1810">
      <Execution id="484483fe-c052-44f4-b5d8-a2067a1e0bc0" />
      <TestMethod codeBase="C:\src\RentalManager\tests\RentalManager.UnitTests\bin\Debug\net9.0\RentalManager.UnitTests.dll" adapterTypeName="executor://nunit3testexecutor/" className="RentalManager.UnitTests.Domain.LeaseTests" name="Lease_Creation_Should_Fail_When_EndDate_Before_StartDate" />
    </UnitTest>
[...]
    <TestEntry testId="f57091d9-0e83-682e-f775-6036cb3d7223" executionId="4386c681-4cb5-46ff-a3e9-c2af0708d7ab" testListId="8c84fa94-04c1-424b-9868-57a2d4851a1d" />
    <TestEntry testId="f08304bf-6907-b87f-c512-ac7a01ebdf76" executionId="095e6cea-2b1c-4d62-a31e-905cccad0ac2" testListId="8c84fa94-04c1-424b-9868-57a2d4851a1d" />
    <TestEntry testId="57ebc68f-955f-115f-dbe4-08ec03ad1810" executionId="484483fe-c052-44f4-b5d8-a2067a1e0bc0" testListId="8c84fa94-04c1-424b-9868-57a2d4851a1d" />
    <TestEntry testId="4259b807-33e0-b659-c198-766ca58d5216" executionId="f0d3b268-7039-47f3-8460-985907d21a43" testListId="8c84fa94-04c1-424b-9868-57a2d4851a1d" />
    <TestEntry testId="1063a240-f47b-39d1-e078-a978d923e4b3" executionId="b4dae264-b45f-493d-9aed-76d0d976b34e" testListId="8c84fa94-04c1-424b-9868-57a2d4851a1d" />
    <TestEntry testId="75f0458a-dcf8-4b2f-2a43-2e695b05ff3d" executionId="295bcb98-95d4-42fa-be34-d7606156a5e6" testListId="8c84fa94-04c1-424b-9868-57a2d4851a1d" />
    <TestEntry testId="ad8ac5eb-5bb0-95ae-0f3e-f7951d48bb31" executionId="6a19cd26-cc8d-4427-99f7-ec339c697fa2" testListId="8c84fa94-04c1-424b-9868-57a2d4851a1d" />
    <TestEntry testId="fa64b323-daad-bccc-fa99-5d03f0747c5a" executionId="5107f222-47bc-4796-8cf6-3605e5745b34" testListId="8c84fa94-04c1-424b-9868-57a2d4851a1d" />
    <TestEntry testId="abb1255f-ce61-8a0c-ff58-33d4f63514d2" executionId="516f9f23-221a-40c5-9d89-9e64ab810d11" testListId="8c84fa94-04c1-424b-9868-57a2d4851a1d" />
    <TestEntry testId="50bfafbd-32d7-50cc-34bb-65500e40f2da" executionId="a887bf67-abb9-4ad7-83a7-83ba6a77e02d" testListId="8c84fa94-04c1-424b-9868-57a2d4851a1d" />
    <TestEntry testId="d11cccc0-97df-787e-11db-04f09c4383b7" executionId="a0f2d670-3799-468e-8dbd-2f6c1334b77f" testListId="8c84fa94-04c1-424b-9868-57a2d4851a1d" />
    <TestEntry testId="cd73d07f-5eb5-0744-59d1-91c5156a22ef" executionId="5bcc311f-9376-4f0d-a604-56b5cba2b855" testListId="8c84fa94-04c1-424b-9868-57a2d4851a1d" />
    <TestEntry testId="d355b8fc-8202-d6f1-2bce-4c7398e3e332" executionId="60bb65d9-4aab-4ad2-867a-4d4c397fd869" testListId="8c84fa94-04c1-424b-9868-57a2d4851a1d" />
    <TestEntry testId="feeaab32-fd53-ae8f-e367-5846af7377d9" executionId="078e0440-f5ad-4db3-94ec-0e90f293aff9" testListId="8c84fa94-04c1-424b-9868-57a2d4851a1d" />
    <TestEntry testId="713d8189-4298-75f2-635a-0c323324e2d2" executionId="807fc7d1-e404-412c-b600-c9581c3997a7" testListId="8c84fa94-04c1-424b-9868-57a2d4851a1d" />
    <TestEntry testId="e905cf9e-5f35-a54e-a274-6f8700255cfb" executionId="9ca6cc4e-7a57-4859-a110-2e24cf3dd0eb" testListId="8c84fa94-04c1-424b-9868-57a2d4851a1d" />
    <TestEntry testId="5c3fb4de-fd2b-8bf7-55b0-761ee5a7e069" executionId="2c4a4525-841a-4cd0-ba78-74b4b5c1ba38" testListId="8c84fa94-04c1-424b-9868-57a2d4851a1d" />
    <TestEntry testId="c09cb198-7370-5c43-878a-775e191e1151" executionId="2c67196d-8cd2-4c1d-a2f8-4d2bf2c95388" testListId="8c84fa94-04c1-424b-9868-57a2d4851a1d" />
    <TestEntry testId="e18e1a93-3506-fad6-6b20-7fb3e21be047" executionId="9794877d-011a-4a38-bb40-386a0f808f99" testListId="8c84fa94-04c1-424b-9868-57a2d4851a1d" />
    <TestEntry testId="1ab1f96b-73c0-fdee-0e8a-7562232bea1f" executionId="54f49c89-5761-4439-8bab-1117631b9003" testListId="8c84fa94-04c1-424b-9868-57a2d4851a1d" />
    <TestEntry testId="af286995-4948-72a2-d369-91bc7fd2a2e6" executionId="735da956-9715-48a9-8084-93c19239e1ed" testListId="8c84fa94-04c1-424b-9868-57a2d4851a1d" />
    <TestEntry testId="268d9f86-699c-0758-cf31-4685722dc660" executionId="e294fd48-c5dd-4ce0-867f-c1662ca5001f" testListId="8c84fa94-04c1-424b-9868-57a2d4851a1d" />
    <TestEntry testId="b1387fb3-e7ea-551e-b406-319e9247e2b5" executionId="ef84072f-647c-4b36-9de4-11670c1de2cc" testListId="8c84fa94-04c1-424b-9868-57a2d4851a1d" />
    <TestEntry testId="8c41feaa-55a9-a4dc-04f5-c9e461c16754" executionId="d2ab985c-e620-41d8-87db-e1e885950d91" testListId="8c84fa94-04c1-424b-9868-57a2d4851a1d" />
    <TestEntry testId="ddc945da-8b19-86de-04a6-f9b1c7fd11f4" executionId="65ef392c-d28f-416b-a019-8ea8e3c999c5" testListId="8c84fa94-04c1-424b-9868-57a2d4851a1d" />
    <TestEntry testId="3970cc2e-7383-76f8-d503-ea1287610ae7" executionId="a70c005b-4c4e-4546-b183-35150500a296" testListId="8c84fa94-04c1-424b-9868-57a2d4851a1d" />
    <TestEntry testId="ac22c7f8-eca4-2dce-255d-d55a08572802" executionId="79ad6b37-3bcf-4c6f-9c49-0a107535ce3e" testListId="8c84fa94-04c1-424b-9868-57a2d4851a1d" />
    <TestEntry testId="6017269f-6c53-fa08-2516-ac5a495baebe" executionId="26155831-5ced-451a-85de-ea0e7081560a" testListId="8c84fa94-04c1-424b-9868-57a2d4851a1d" />
    <TestEntry testId="eb436352-3f69-db9f-86e7-b9cd5b2010f4" executionId="0073e9a7-3fce-421c-92a8-9f0dadc7e3dd" testListId="8c84fa94-04c1-424b-9868-57a2d4851a1d" />
    <TestEntry testId="a3e89872-f33b-8dee-7b63-d9a73a1952fa" executionId="759733af-18da-477a-bc6d-ad5600632255" testListId="8c84fa94-04c1-424b-9868-57a2d4851a1d" />
    <TestEntry testId="93ac4e17-8ca0-fd33-4c61-9887275b74aa" executionId="3b9b1518-86cd-4a09-8259-8569fc7ab134" testListId="8c84fa94-04c1-424b-9868-57a2d4851a1d" />
    <TestEntry testId="25c1c8ea-d0bc-4154-a8b1-54a49a731e18" executionId="f96c0b61-c5ff-46f6-b8d2-a7c5611a77b4" testListId="8c84fa94-04c1-424b-9868-57a2d4851a1d" />
    <TestEntry testId="f5e675c9-cdb7-ed2f-cb3a-050ab6a17d97" executionId="7e0396fd-9637-40b8-bdc3-947d6d2c8226" testListId="8c84fa94-04c1-424b-9868-57a2d4851a1d" />
    <TestEntry testId="13f1cca0-61cd-51c9-fb85-7136480bfe55" executionId="9933cf3c-fbc9-48dd-8fd6-7e37b9f6c145" testListId="8c84fa94-04c1-424b-9868-57a2d4851a1d" />
    <TestEntry testId="1d929b23-59e2-e962-563c-5918b5ee182b" executionId="a8d39daf-2b4e-4b50-9fbb-d77813bda064" testListId="8c84fa94-04c1-424b-9868-57a2d4851a1d" />
    <TestEntry testId="d895c219-84a6-5923-0b48-e2d88c3d479c" executionId="9308dca6-7286-44c2-a1b3-ab9b4fc0d9c7" testListId="8c84fa94-04c1-424b-9868-57a2d4851a1d" />
    <TestEntry testId="faf2810a-28b1-8ac7-561b-1ad4ed363b64" executionId="314a2707-13bb-440b-871b-de7701c979dd" testListId="8c84fa94-04c1-424b-9868-57a2d4851a1d" />
    <TestEntry testId="d673f134-685d-8e1a-8f7a-29395c1fbf76" executionId="ff914f27-de35-4b7e-b13f-2912b8e6c09a" testListId="8c84fa94-04c1-424b-9868-57a2d4851a1d" />
    <TestEntry testId="09d2931d-751d-83f5-4283-4e8df26e2d83" executionId="4e3216d4-c2fa-4108-838d-1a095853ff0c" testListId="8c84fa94-04c1-424b-9868-57a2d4851a1d" />
    <TestEntry testId="dfe278c9-46ef-f3ee-56d9-f015807c8c38" executionId="8b7e7097-4650-4bc9-8d30-dbeef935ad19" testListId="8c84fa94-04c1-424b-9868-57a2d4851a1d" />
    <TestEntry testId="57617b10-ac58-8ea3-012d-3f8d2926519c" executionId="e9e6213e-ab4c-4e8f-81c8-9d70270a645d" testListId="8c84fa94-04c1-424b-9868-57a2d4851a1d" />
    <TestEntry testId="55ce4cd6-3fd7-c806-8877-1004d3d1514f" executionId="96ba1680-5eef-4b39-931f-5f30ec74757f" testListId="8c84fa94-04c1-424b-9868-57a2d4851a1d" />
    <TestEntry testId="dd2667a7-86b1-2a72-80ed-3a07675db557" executionId="42d97476-915b-4951-94e0-5821b4363d96" testListId="8c84fa94-04c1-424b-9868-57a2d4851a1d" />
    <TestEntry testId="d89aca8a-6a5b-1b92-00db-ee159b9fa85c" executionId="ca7ebbac-4002-402c-b4a3-2fc52428c82a" testListId="8c84fa94-04c1-424b-9868-57a2d4851a1d" />
    <TestEntry testId="7e64559b-dd97-c40f-d089-088441edc27e" executionId="c09282c1-64bd-4820-9853-3f1093e00047" testListId="8c84fa94-04c1-424b-9868-57a2d4851a1d" />
    <TestEntry testId="71e57374-878c-1aa4-a8cc-dac1925fc0cd" executionId="c0fada82-43f7-4d90-aca3-eae76cb09f4b" testListId="8c84fa94-04c1-424b-9868-57a2d4851a1d" />
    <TestEntry testId="794ffd04-2bd3-28bf-c5e5-f5362b7f147c" executionId="541ee313-1f6a-40d2-9ebd-bd88ef044626" testListId="8c84fa94-04c1-424b-9868-57a2d4851a1d" />
    <TestEntry testId="707dfbcf-45ea-4f90-08e8-4eb2c28795b3" executionId="1446d909-836a-45a3-8e76-184dbb8cc275" testListId="8c84fa94-04c1-424b-9868-57a2d4851a1d" />
    <TestEntry testId="7fbcdc96-2611-9776-d1f7-9bf69bd35341" executionId="8c571b8d-7f1e-4501-95fc-1321e5e8b206" testListId="8c84fa94-04c1-424b-9868-57a2d4851a1d" />
    <TestEntry testId="2f4b9591-e446-2d0f-c34a-927e92546cb6" executionId="a7f8adf9-2cc7-44f3-bf52-6ea97a3e7d3f" testListId="8c84fa94-04c1-424b-9868-57a2d4851a1d" />
    <TestEntry testId="985d8eb2-d712-914e-1924-ae2dc9e47418" executionId="d62b5c76-c35a-4e9e-9adc-3cb1fd29f734" testListId="8c84fa94-04c1-424b-9868-57a2d4851a1d" />
    <TestEntry testId="faa692ba-d3cb-22df-0bb2-2cfdd2c7e228" executionId="807561e7-56b3-42e3-982f-1037e0f775af" testListId="8c84fa94-04c1-424b-9868-57a2d4851a1d" />
    <TestEntry testId="06ee49c9-a520-c495-07a5-991ef58dcc5b" executionId="1c94f863-4108-4826-aa36-7b9f88984f5d" testListId="8c84fa94-04c1-424b-9868-57a2d4851a1d" />
    <TestEntry testId="72db3ae7-9f25-5526-a960-501f95f09f62" executionId="22aae776-4b0f-48d6-90e6-6ce3b214d45f" testListId="8c84fa94-04c1-424b-9868-57a2d4851a1d" />
    <TestEntry testId="4bdf3f09-6bc8-8841-16d1-80667e4f7d4d" executionId="dc79db22-0362-4087-9448-6ddeab7732e7" testListId="8c84fa94-04c1-424b-9868-57a2d4851a1d" />
    <TestEntry testId="bf750a74-d3d3-b31e-f872-80821a13e815" executionId="bba5dc62-840b-4d15-95e4-3eb339df5bac" testListId="8c84fa94-04c1-424b-9868-57a2d4851a1d" />
    <TestEntry testId="cb3ef353-ee7b-1c78-3d16-6ed34d5aafbb" executionId="f940119f-b9a7-4707-bb8f-0981c41b8ff7" testListId="8c84fa94-04c1-424b-9868-57a2d4851a1d" />
    <TestEntry testId="2337b63e-41fe-023a-403f-5b02d35e3981" executionId="10126411-d3b6-4bfb-b74b-1da7e404eb3c" testListId="8c84fa94-04c1-424b-9868-57a2d4851a1d" />
    <TestEntry testId="527629c3-517f-308c-68c5-b8db81bb4f18" executionId="b9e2f76c-80a9-4a37-82c7-17874e6e6428" testListId="8c84fa94-04c1-424b-9868-57a2d4851a1d" />
    <TestEntry testId="d2b9019d-8108-da25-a668-6adafd0f7d8a" executionId="42550e7e-887f-4996-a9be-abff010c2d4a" testListId="8c84fa94-04c1-424b-9868-57a2d4851a1d" />
    <TestEntry testId="dedf778e-7166-e4f2-1b9e-0eca5b31ac54" executionId="10e48c2b-94c8-4744-89bc-40fc0326adbc" testListId="8c84fa94-04c1-424b-9868-57a2d4851a1d" />
    <TestEntry testId="f0fb914f-a187-eb6f-2355-ca3f6bcdc3e7" executionId="00f4ede8-a2c9-42e9-8ffa-b73bea990c69" testListId="8c84fa94-04c1-424b-9868-57a2d4851a1d" />
    <TestEntry testId="45f660a0-a0ed-3579-d22e-39635ed45503" executionId="dc007081-ebae-472d-81f8-7912224e27a9" testListId="8c84fa94-04c1-424b-9868-57a2d4851a1d" />
    <TestEntry testId="f12fa6f7-531f-9ad8-dbf8-96db98763812" executionId="a9956fb6-1154-4d65-9eb9-feb908412bd5" testListId="8c84fa94-04c1-424b-9868-57a2d4851a1d" />
    <TestEntry testId="2bbcfbe8-a2ce-d05c-a8e7-de6c2c5b177e" executionId="c7c440fd-2e6f-4a31-8590-e39172f1667f" testListId="8c84fa94-04c1-424b-9868-57a2d4851a1d" />
    <TestEntry testId="26a74723-c739-96a0-6be5-999d2bc9168b" executionId="569575c8-db01-45f1-9a9e-dabd51848f3b" testListId="8c84fa94-04c1-424b-9868-57a2d4851a1d" />
    <TestEntry testId="93912c3e-51b8-b890-decc-5157fcc4e300" executionId="57c03191-53c5-4331-8d41-4c135a1d0e98" testListId="8c84fa94-04c1-424b-9868-57a2d4851a1d" />
    <TestEntry testId="fdb32ad0-7673-b710-a94f-a982b67cfae1" executionId="5bd51209-4288-4c13-86f3-eb5083d199ec" testListId="8c84fa94-04c1-424b-9868-57a2d4851a1d" />
    <TestEntry testId="49def932-0bfc-e3f0-2298-2471279c9caf" executionId="55ff1d7c-7df4-4b62-a668-c15301690441" testListId="8c84fa94-04c1-424b-9868-57a2d4851a1d" />
    <TestEntry testId="cdfc63d0-81e5-ffaa-cbe2-e2215567fc75" executionId="f801e6a0-8586-45ce-a618-b08c99714e6b" testListId="8c84fa94-04c1-424b-9868-57a2d4851a1d" />
    <TestEntry testId="78d13441-7e43-d7f6-846e-13e8b2ea382f" executionId="9478872f-1795-4c43-987e-1b6e5f51788d" testListId="8c84fa94-04c1-424b-9868-57a2d4851a1d" />
    <TestEntry testId="0c7a8dfb-24dc-b7fb-a5f7-15a18adb91fb" executionId="dd627b8d-4e62-4b1f-8a03-99ae2f54eac1" testListId="8c84fa94-04c1-424b-9868-57a2d4851a1d" />
    <TestEntry testId="8f8374b0-50f2-3b8a-58d0-fb2b02d8fdfc" executionId="4f96864f-9526-425a-94da-5f532532c226" testListId="8c84fa94-04c1-424b-9868-57a2d4851a1d" />
    <TestEntry testId="849b980e-8710-3d61-b251-0f9ef2db74e2" executionId="7c6874f7-bcb2-4a2a-9418-610dce477c19" testListId="8c84fa94-04c1-424b-9868-57a2d4851a1d" />
    <TestEntry testId="ac5204a0-6fc3-ef10-0920-5d491a8c2504" executionId="068df680-6342-4ee1-a344-c2112a15e217" testListId="8c84fa94-04c1-424b-9868-57a2d4851a1d" />
    <TestEntry testId="bb505f93-d196-5e9b-0c12-fc96f83ebfe6" executionId="e7354533-ac34-4a2b-9c16-dc32f5848911" testListId="8c84fa94-04c1-424b-9868-57a2d4851a1d" />
    <TestEntry testId="0e2c9631-7205-efc4-0bb9-26924c7f03e2" executionId="97534db1-3a4d-4586-a5d7-6d8594643b3b" testListId="8c84fa94-04c1-424b-9868-57a2d4851a1d" />
    <TestEntry testId="360d85b4-7100-9a92-567a-faf0e34f0141" executionId="beab2ac0-be70-47aa-b24a-b3785aa1e855" testListId="8c84fa94-04c1-424b-9868-57a2d4851a1d" />
    <TestEntry testId="2699a1b3-b048-b3de-3454-ebb0a1d8d9a4" executionId="702eec21-09e1-4d12-8928-a41f997930b3" testListId="8c84fa94-04c1-424b-9868-57a2d4851a1d" />
    <TestEntry testId="9ec95b10-4a00-0eeb-9902-660e6fba9ac1" executionId="4a950e43-4b52-43e3-8c26-a9a9f27a0d18" testListId="8c84fa94-04c1-424b-9868-57a2d4851a1d" />
    <TestEntry testId="64c9a58c-a73b-3899-21da-2baa3f864841" executionId="143577db-736b-4789-bb8a-c215985998c7" testListId="8c84fa94-04c1-424b-9868-57a2d4851a1d" />
    <TestEntry testId="6e5a5271-08b1-4a2d-b451-34471f0bad45" executionId="7620bf4a-70bc-4c80-828f-08362da94c50" testListId="8c84fa94-04c1-424b-9868-57a2d4851a1d" />
    <TestEntry testId="b451958a-7d65-936d-ccd0-13acd2ac8859" executionId="7297a84d-5124-4619-b5a1-c4013b7e08f5" testListId="8c84fa94-04c1-424b-9868-57a2d4851a1d" />
    <TestEntry testId="0f50d9fd-0ef1-ef11-2f9c-2874e13838c9" executionId="02f4e7c9-5e3e-47b0-b149-bbd4cd9461f2" testListId="8c84fa94-04c1-424b-9868-57a2d4851a1d" />
    <TestEntry testId="b605fcbd-9048-13d5-4faa-85bc2c92f431" executionId="4bc9caf0-a514-4827-8ebe-a80c93b8535e" testListId="8c84fa94-04c1-424b-9868-57a2d4851a1d" />
    <TestEntry testId="731f876f-f1d1-90de-63d8-1210ae84dbe9" executionId="44cbe487-c39e-48dc-a204-8ef2969e6ae5" testListId="8c84fa94-04c1-424b-9868-57a2d4851a1d" />
    <TestEntry testId="ea54348c-c819-6f9c-52bd-a23de89b8551" executionId="fbeb5df5-96dc-4907-bc94-c603836b3e43" testListId="8c84fa94-04c1-424b-9868-57a2d4851a1d" />
    <TestEntry testId="f527abd9-7ab8-21e8-f347-68d2a8c51c6d" executionId="71f6a585-e310-4e6f-a2bc-339ba4f8e74b" testListId="8c84fa94-04c1-424b-9868-57a2d4851a1d" />
    <TestEntry testId="62c3b62f-d433-d1a2-d8bc-ccb4dbd4b188" executionId="9ca626b3-dbb0-4fee-a9f3-f0c03da30143" testListId="8c84fa94-04c1-424b-9868-57a2d4851a1d" />
    <TestEntry testId="1e375716-3e78-73be-8d2b-2d780090e3e6" executionId="1176d848-8a27-40b1-be90-03843a0a02fc" testListId="8c84fa94-04c1-424b-9868-57a2d4851a1d" />
    <TestEntry testId="15d6b15d-282d-1535-7ae7-80c85839f97b" executionId="35146a6c-e191-4ad8-9497-6865ed6bdbd9" testListId="8c84fa94-04c1-424b-9868-57a2d4851a1d" />
    <TestEntry testId="6e00e717-a922-56fb-6b19-681e35ed52eb" executionId="48515732-6b54-4a0f-810d-a4f2955769fb" testListId="8c84fa94-04c1-424b-9868-57a2d4851a1d" />
    <TestEntry testId="f574ac12-3b55-be85-2f71-d51a33ca6b83" executionId="ad38d971-3243-4cf8-bdf9-0a6157ce5119" testListId="8c84fa94-04c1-424b-9868-57a2d4851a1d" />
    <TestEntry testId="12dc0121-3664-1104-ffd7-1a474b25eb00" executionId="95dff889-de03-4d1b-8ece-76dcd3b3f820" testListId="8c84fa94-04c1-424b-9868-57a2d4851a1d" />
    <TestEntry testId="e4b0a19a-d682-f3a5-acee-fb0c27fc5524" executionId="03c7a8a2-d2b9-4efa-93d9-a2444f34ce8f" testListId="8c84fa94-04c1-424b-9868-57a2d4851a1d" />
    <TestEntry testId="e37faa4e-c202-f208-88d6-44222545e8da" executionId="f4c55ce6-1fe2-4453-adcd-0b000a1dac95" testListId="8c84fa94-04c1-424b-9868-57a2d4851a1d" />
    <TestEntry testId="e38dc0a6-2b73-20ac-cce0-0fcb51b8093f" executionId="ee0072aa-678e-4d7d-badb-0324026ba63d" testListId="8c84fa94-04c1-424b-9868-57a2d4851a1d" />
    <TestEntry testId="58c1991b-f710-44e9-d76e-7bc36d9ec5ef" executionId="42e6b040-c159-4b7b-b2c1-73093a775e06" testListId="8c84fa94-04c1-424b-9868-57a2d4851a1d" />
    <TestEntry testId="b30572e7-faec-b8e5-001d-4e65bb6931cc" executionId="4c8c8cdb-3a1f-4507-b108-646174afabe5" testListId="8c84fa94-04c1-424b-9868-57a2d4851a1d" />
    <TestEntry testId="a6397aa9-ed6c-7f2a-db89-4cf4fdc96d6e" executionId="e243c56c-1103-469f-96ed-c12dd32b8f31" testListId="8c84fa94-04c1-424b-9868-57a2d4851a1d" />
    <TestEntry testId="bb73e109-5a82-5b35-03c9-7ca2b7a3674f" executionId="19776d72-ead0-46c1-bf6d-acd985ef3ca3" testListId="8c84fa94-04c1-424b-9868-57a2d4851a1d" />
    <TestEntry testId="07b08c66-065d-5e5a-241f-7aa6cf4f584b" executionId="00b2d031-dde9-4542-b316-91f1decafd1f" testListId="8c84fa94-04c1-424b-9868-57a2d4851a1d" />
    <TestEntry testId="2774be65-340a-f6aa-d7e2-f6618837db2e" executionId="d8a1a6dd-2deb-441f-88fa-6ad7046c34b9" testListId="8c84fa94-04c1-424b-9868-57a2d4851a1d" />
    <TestEntry testId="237ff452-2de3-acad-8e65-0a369b399d01" executionId="ae2686a8-436a-41ee-a4d5-2b7819e9faab" testListId="8c84fa94-04c1-424b-9868-57a2d4851a1d" />
    <TestEntry testId="77ad8076-83cb-a0b4-6270-95907dfc46ff" executionId="54c62e44-d12a-49d8-be37-638518ccc686" testListId="8c84fa94-04c1-424b-9868-57a2d4851a1d" />
    <TestEntry testId="05953726-7622-3cb1-3b42-2da4f57eb185" executionId="5346097a-3dab-4a32-b9d6-e165c8c57652" testListId="8c84fa94-04c1-424b-9868-57a2d4851a1d" />
    <TestEntry testId="c40f4dfb-7ccc-36df-b35e-567de94480ca" executionId="6c5a8d7a-e10f-4706-9999-ffbe074a2820" testListId="8c84fa94-04c1-424b-9868-57a2d4851a1d" />
    <TestEntry testId="48447c53-45c1-0aea-046d-3a68c5b4297a" executionId="3e68dee3-5b6a-4aea-818f-fc09c8a25f6a" testListId="8c84fa94-04c1-424b-9868-57a2d4851a1d" />
    <TestEntry testId="539b47eb-deed-d3cf-c484-3d3969a4375d" executionId="af3f22e5-2695-4f14-a0a1-29b3fea18396" testListId="8c84fa94-04c1-424b-9868-57a2d4851a1d" />
    <TestEntry testId="8aac619d-8ff3-cdb8-4452-86d32ae8ab72" executionId="abbdfea0-987e-4bcd-a2dc-282541c1c225" testListId="8c84fa94-04c1-424b-9868-57a2d4851a1d" />
    <TestEntry testId="806929d8-7f2a-3264-20e0-3b0ffa05c139" executionId="4e84e9f1-76ee-4c19-9781-6c748c673d2f" testListId="8c84fa94-04c1-424b-9868-57a2d4851a1d" />
    <TestEntry testId="968e1e40-7904-e821-109e-c8bafbcc8959" executionId="5db83180-2f7f-47d8-8707-bdc0be405ecb" testListId="8c84fa94-04c1-424b-9868-57a2d4851a1d" />
    <TestEntry testId="9d0a52d2-f208-12a2-2cb2-95d37d5c967c" executionId="590e4784-ee7c-439d-b858-2f6075451bdd" testListId="8c84fa94-04c1-424b-9868-57a2d4851a1d" />
    <TestEntry testId="4f7d48e7-2414-a931-4160-ef3cfe3e8689" executionId="606ea6ce-fe06-4d7e-9e96-015547f6ded1" testListId="8c84fa94-04c1-424b-9868-57a2d4851a1d" />
    <TestEntry testId="a6ddb58e-031f-bd9f-c871-bf3bee2c5fc6" executionId="0def213f-ef58-4070-ace6-cb9bca566a65" testListId="8c84fa94-04c1-424b-9868-57a2d4851a1d" />
  </TestEntries>
  <TestLists>
    <TestList name="Results Not in a List" id="8c84fa94-04c1-424b-9868-57a2d4851a1d" />
    <TestList name="All Loaded Results" id="19431567-8539-422a-85d7-44ee4e166bda" />
  </TestLists>
  <ResultSummary outcome="Failed">
    <Counters total="140" executed="140" passed="137" failed="3" error="0" timeout="0" aborted="0" inconclusive="0" passedButRunAborted="0" notRunnable="0" notExecuted="0" disconnected="0" warning="0" completed="0" inProgress="0" pending="0" />
    <Output>
      <StdOut>NUnit Adapter 4.6.0.0: Test execution started&#xD;
Running all tests in C:\src\RentalManager\tests\RentalManager.UnitTests\bin\Debug\net9.0\RentalManager.UnitTests.dll&#xD;
   NUnit3TestExecutor discovered 140 of 140 NUnit test cases using Current Discovery mode, Non-Explicit run&#xD;
NUnit Adapter 4.6.0.0: Test execution complete&#xD;
</StdOut>
    </Output>
  </ResultSummary>
</TestRun>